(---------------------------------------------------------------------)
(                                                                     )
(    ARTWORK LOG                                                      )
(                                                                     )
(    Drawing          : LinkingInterfaceV2_12.brd                     )
(    Software Version : 16.5P002                                      )
(    Date/Time        : Tue Jun 09 14:19:23 2015                      )
(                                                                     )
(---------------------------------------------------------------------)


 ---- Photoplot outline rectangle not found ... using drawing extents



Results from parameter file ...
    DEVICE-TYPE           GERBER_RS274X
    OUTPUT-UNITS          INCHES
    FILM-SIZE             2400000 1600000
    FORMAT                2.5
    ABORT-ON-ERROR        NO
    SCALE                 1
    SUPPRESS-LEAD-ZEROES  YES
    SUPPRESS-TRAIL-ZEROES NO
    SUPPRESS-EQUAL        YES
    UNDEF-APT-CONT        NO


================================================================
     PROCESSING FILM < TOP >
     TO FILE < C:/Users/tgbodkin/Desktop/LinkingInterface_V2_12_ProjectFiles/LinkingInterface_V2_8_ProjectFiles/LinkingInterface_V2_8/linkinginterface/linkinginterface/pcb/LinkingInterface_v2_13_TOP.art > ...
================================================================

  FILM PARAMETERS :
  ---------------------------------------------------------
  Undefined line width                0.0
  Mirror code                         NONE
  Rotate angle                        NONE
  Offset x:                           0.0
  Offset y:                           0.0
  Plot negative                       NO
  Suppress unconnected internal pads  NO



  APERTURES USED:
  ---------------------------------------------------------
  TYPE       SIZE/NAME                   ROT   MIRROR MODE 
  ---------------------------------------------------------
  CIRCLE     0.00500                                  DARK 
  CIRCLE     0.01200                                  DARK 
  CIRCLE     0.02500                                  DARK 
  CIRCLE     0.03000                                  DARK 
  CIRCLE     0.03500                                  DARK 
  CIRCLE     0.04000                                  DARK 
  CIRCLE     0.05000                                  DARK 
  CIRCLE     0.05600                                  DARK 
  CIRCLE     0.05800                                  DARK 
  CIRCLE     0.06200                                  DARK 
  CIRCLE     0.08100                                  DARK 
  CIRCLE     0.10000                                  DARK 
  SQUARE     0.05000                     0.000 NO     DARK 
  SQUARE     0.05600                     0.000 NO     DARK 
  SQUARE     0.05800                     0.000 NO     DARK 
  SQUARE     0.06200                     0.000 NO     DARK 
  SQUARE     0.08100                     0.000 NO     DARK 
  SQUARE     0.08600                     0.000 NO     DARK 
  SQUARE     0.10000                     0.000 NO     DARK 
  RECTANGLE  0.01970     x 0.03940      90.000 NO     DARK 
  RECTANGLE  0.02170     x 0.04130       0.000 NO     DARK 
  RECTANGLE  0.03500     x 0.09000       0.000 NO     DARK 
  RECTANGLE  0.03500     x 0.09000      90.000 NO     DARK 
  RECTANGLE  0.03800     x 0.03200       0.000 NO     DARK 
  RECTANGLE  0.08660     x 0.11020       0.000 NO     DARK 
  RECTANGLE  0.09840     x 0.12990       0.000 NO     DARK 
  RECTANGLE  0.11020     x 0.11020       0.000 NO     DARK 

     LinkingInterface_v2_13_TOP created.


================================================================
     PROCESSING FILM < BOTTOM >
     TO FILE < C:/Users/tgbodkin/Desktop/LinkingInterface_V2_12_ProjectFiles/LinkingInterface_V2_8_ProjectFiles/LinkingInterface_V2_8/linkinginterface/linkinginterface/pcb/LinkingInterface_v2_13_BOTTOM.art > ...
================================================================

  FILM PARAMETERS :
  ---------------------------------------------------------
  Undefined line width                0.0
  Mirror code                         NONE
  Rotate angle                        NONE
  Offset x:                           0.0
  Offset y:                           0.0
  Plot negative                       NO
  Suppress unconnected internal pads  NO



  APERTURES USED:
  ---------------------------------------------------------
  TYPE       SIZE/NAME                   ROT   MIRROR MODE 
  ---------------------------------------------------------
  CIRCLE     0.01200                                  DARK 
  CIRCLE     0.02500                                  DARK 
  CIRCLE     0.03000                                  DARK 
  CIRCLE     0.03500                                  DARK 
  CIRCLE     0.04000                                  DARK 
  CIRCLE     0.05000                                  DARK 
  CIRCLE     0.05600                                  DARK 
  CIRCLE     0.05800                                  DARK 
  CIRCLE     0.06200                                  DARK 
  CIRCLE     0.08100                                  DARK 
  CIRCLE     0.10000                                  DARK 
  SQUARE     0.05000                     0.000 NO     DARK 
  SQUARE     0.05200                     0.000 NO     DARK 
  SQUARE     0.05800                     0.000 NO     DARK 
  SQUARE     0.06200                     0.000 NO     DARK 
  SQUARE     0.08100                     0.000 NO     DARK 
  SQUARE     0.10000                     0.000 NO     DARK 
  RECTANGLE  0.03740     x 0.08460      90.000 NO     DARK 
  RECTANGLE  0.04800     x 0.08800       0.000 NO     DARK 
  RECTANGLE  0.12800     x 0.08460      90.000 NO     DARK 
  RECTANGLE  0.14200     x 0.08800       0.000 NO     DARK 

     LinkingInterface_v2_13_BOTTOM created.


================================================================
     PROCESSING FILM < SMT >
     TO FILE < C:/Users/tgbodkin/Desktop/LinkingInterface_V2_12_ProjectFiles/LinkingInterface_V2_8_ProjectFiles/LinkingInterface_V2_8/linkinginterface/linkinginterface/pcb/LinkingInterface_v2_13_SMT.art > ...
================================================================

  FILM PARAMETERS :
  ---------------------------------------------------------
  Undefined line width                0.0
  Mirror code                         NONE
  Rotate angle                        NONE
  Offset x:                           0.0
  Offset y:                           0.0
  Plot negative                       NO
  Suppress unconnected internal pads  NO



  APERTURES USED:
  ---------------------------------------------------------
  TYPE       SIZE/NAME                   ROT   MIRROR MODE 
  ---------------------------------------------------------
  CIRCLE     0.00500                                  DARK 
  CIRCLE     0.05000                                  DARK 
  CIRCLE     0.05600                                  DARK 
  CIRCLE     0.05800                                  DARK 
  CIRCLE     0.06000                                  DARK 
  CIRCLE     0.06200                                  DARK 
  CIRCLE     0.06700                                  DARK 
  CIRCLE     0.08100                                  DARK 
  CIRCLE     0.10000                                  DARK 
  CIRCLE     0.14500                                  DARK 
  SQUARE     0.05000                     0.000 NO     DARK 
  SQUARE     0.05600                     0.000 NO     DARK 
  SQUARE     0.05800                     0.000 NO     DARK 
  SQUARE     0.06200                     0.000 NO     DARK 
  SQUARE     0.06700                     0.000 NO     DARK 
  SQUARE     0.08100                     0.000 NO     DARK 
  SQUARE     0.08600                     0.000 NO     DARK 
  SQUARE     0.10000                     0.000 NO     DARK 
  RECTANGLE  0.02760     x 0.04530       0.000 NO     DARK 
  RECTANGLE  0.03500     x 0.09000       0.000 NO     DARK 
  RECTANGLE  0.03500     x 0.09000      90.000 NO     DARK 
  RECTANGLE  0.03800     x 0.03200       0.000 NO     DARK 
  RECTANGLE  0.03940     x 0.05910      90.000 NO     DARK 
  RECTANGLE  0.08660     x 0.11020       0.000 NO     DARK 
  RECTANGLE  0.11020     x 0.11020       0.000 NO     DARK 
  RECTANGLE  0.11020     x 0.14170       0.000 NO     DARK 

     LinkingInterface_v2_13_SMT created.


================================================================
     PROCESSING FILM < SMB >
     TO FILE < C:/Users/tgbodkin/Desktop/LinkingInterface_V2_12_ProjectFiles/LinkingInterface_V2_8_ProjectFiles/LinkingInterface_V2_8/linkinginterface/linkinginterface/pcb/LinkingInterface_v2_13_SMB.art > ...
================================================================

  FILM PARAMETERS :
  ---------------------------------------------------------
  Undefined line width                0.0
  Mirror code                         NONE
  Rotate angle                        NONE
  Offset x:                           0.0
  Offset y:                           0.0
  Plot negative                       NO
  Suppress unconnected internal pads  NO



  APERTURES USED:
  ---------------------------------------------------------
  TYPE       SIZE/NAME                   ROT   MIRROR MODE 
  ---------------------------------------------------------
  CIRCLE     0.00500                                  DARK 
  CIRCLE     0.05000                                  DARK 
  CIRCLE     0.05600                                  DARK 
  CIRCLE     0.05800                                  DARK 
  CIRCLE     0.06200                                  DARK 
  CIRCLE     0.06700                                  DARK 
  CIRCLE     0.08100                                  DARK 
  CIRCLE     0.10000                                  DARK 
  CIRCLE     0.14500                                  DARK 
  SQUARE     0.05000                     0.000 NO     DARK 
  SQUARE     0.05600                     0.000 NO     DARK 
  SQUARE     0.05800                     0.000 NO     DARK 
  SQUARE     0.06200                     0.000 NO     DARK 
  SQUARE     0.06700                     0.000 NO     DARK 
  SQUARE     0.08100                     0.000 NO     DARK 
  SQUARE     0.10000                     0.000 NO     DARK 
  RECTANGLE  0.04020     x 0.08740      90.000 NO     DARK 
  RECTANGLE  0.04800     x 0.08800       0.000 NO     DARK 
  RECTANGLE  0.13070     x 0.08740      90.000 NO     DARK 
  RECTANGLE  0.14200     x 0.08800       0.000 NO     DARK 

     LinkingInterface_v2_13_SMB created.


================================================================
     PROCESSING FILM < SST >
     TO FILE < C:/Users/tgbodkin/Desktop/LinkingInterface_V2_12_ProjectFiles/LinkingInterface_V2_8_ProjectFiles/LinkingInterface_V2_8/linkinginterface/linkinginterface/pcb/LinkingInterface_v2_13_SST.art > ...
================================================================

  FILM PARAMETERS :
  ---------------------------------------------------------
  Undefined line width                0.0
  Mirror code                         NONE
  Rotate angle                        NONE
  Offset x:                           0.0
  Offset y:                           0.0
  Plot negative                       NO
  Suppress unconnected internal pads  NO

    WARNING: rectangle or unfilled shape composed 0 width line found at (467.4 1993.7)
           ... ignored!

    WARNING: rectangle or unfilled shape having Multiple 0 width lines; all will be treated the same as the first.
           ... ignored!



  APERTURES USED:
  ---------------------------------------------------------
  TYPE       SIZE/NAME                   ROT   MIRROR MODE 
  ---------------------------------------------------------
  CIRCLE     0.00500                                  DARK 
  CIRCLE     0.00600                                  DARK 
  CIRCLE     0.00800                                  DARK 
  CIRCLE     0.02500                                  DARK 

     LinkingInterface_v2_13_SST created with warnings


================================================================
     PROCESSING FILM < SSB >
     TO FILE < C:/Users/tgbodkin/Desktop/LinkingInterface_V2_12_ProjectFiles/LinkingInterface_V2_8_ProjectFiles/LinkingInterface_V2_8/linkinginterface/linkinginterface/pcb/LinkingInterface_v2_13_SSB.art > ...
================================================================

  FILM PARAMETERS :
  ---------------------------------------------------------
  Undefined line width                0.0
  Mirror code                         NONE
  Rotate angle                        NONE
  Offset x:                           0.0
  Offset y:                           0.0
  Plot negative                       NO
  Suppress unconnected internal pads  NO



  APERTURES USED:
  ---------------------------------------------------------
  TYPE       SIZE/NAME                   ROT   MIRROR MODE 
  ---------------------------------------------------------
  CIRCLE     0.00500                                  DARK 
  CIRCLE     0.00600                                  DARK 

     LinkingInterface_v2_13_SSB created.


================================================================
     PROCESSING FILM < MECH >
     TO FILE < C:/Users/tgbodkin/Desktop/LinkingInterface_V2_12_ProjectFiles/LinkingInterface_V2_8_ProjectFiles/LinkingInterface_V2_8/linkinginterface/linkinginterface/pcb/LinkingInterface_v2_13_MECH.art > ...
================================================================

  FILM PARAMETERS :
  ---------------------------------------------------------
  Undefined line width                0.0
  Mirror code                         NONE
  Rotate angle                        NONE
  Offset x:                           0.0
  Offset y:                           0.0
  Plot negative                       NO
  Suppress unconnected internal pads  NO

    WARNING: 0 width line found at (3576.0 87.0)
           ... ignored!

    WARNING: Multiple 0 width lines; all will be treated the same as the first.
           ... ignored!



  APERTURES USED:
  ---------------------------------------------------------
  TYPE       SIZE/NAME                   ROT   MIRROR MODE 
  ---------------------------------------------------------
  CIRCLE     0.00500                                  DARK 
  CIRCLE     0.02500                                  DARK 
  CIRCLE     0.05000                                  DARK 

     LinkingInterface_v2_13_MECH created with warnings


------------------------------------------------------
 SUMMARY:
        LinkingInterface_v2_13_TOP created.
        LinkingInterface_v2_13_BOTTOM created.
        LinkingInterface_v2_13_SMT created.
        LinkingInterface_v2_13_SMB created.
        LinkingInterface_v2_13_SST created with warnings
        LinkingInterface_v2_13_SSB created.
        LinkingInterface_v2_13_MECH created with warnings

 ARTWORK finished
