(---------------------------------------------------------------------)
(                                                                     )
(    Allegro Netrev Import Logic                                      )
(                                                                     )
(    Drawing          : CPOL.brd                                      )
(    Software Version : 16.3S028                                      )
(    Date/Time        : Wed Jun 15 15:50:43 2011                      )
(                                                                     )
(---------------------------------------------------------------------)


------ Directives ------

RIPUP_ETCH FALSE;
RIPUP_SYMBOLS ALWAYS;
Missing symbol has error FALSE;
SCHEMATIC_DIRECTORY '.';
BOARD_DIRECTORY '';
OLD_BOARD_NAME 'C:/Amateur Radio/Projects/CircPolarization/Hardware/pcb/CPOL.brd';
NEW_BOARD_NAME 'C:/Amateur Radio/Projects/CircPolarization/Hardware/pcb/CPOL.brd';

CmdLine: netrev -$ -i . -y 1 C:/Amateur Radio/Projects/CircPolarization/Hardware/pcb/#Taaaaaa02768.tmp

------ Preparing to read pst files ------

Starting to read ./pstchip.dat 
   Finished reading ./pstchip.dat (00:00:00.06)
Starting to read ./pstxprt.dat 
   Finished reading ./pstxprt.dat (00:00:00.00)
Starting to read ./pstxnet.dat 
   Finished reading ./pstxnet.dat (00:00:00.00)

------ Oversights/Warnings/Errors ------


#1   WARNING(SPMHNI-192): Device/Symbol check warning detected.

WARNING(SPMHNI-194): Symbol 'SMC1210' for device 'C NP_SMC1210_1NF' not found in PSMPATH or must be "dbdoctor"ed.

------ Library Paths ------
MODULEPATH =  . 
           C:/Cadence/SPB_16.3/share/local/pcb/modules 
           ../../lib/modules 

PSMPATH =  . 
           symbols 
           .. 
           ../../lib/symbols 
           C:/Cadence/SPB_16.3/share/local/pcb/symbols 
           C:/Cadence/SPB_16.3/share/pcb/pcb_lib/symbols 
           C:/Cadence/SPB_16.3/share/pcb/allegrolib/symbols 
           C:\Amateur Radio\Projects\UCSC 2m Repeater\Lib\symbols 

PADPATH =  . 
           symbols 
           .. 
           ../../lib/symbols 
           C:/Cadence/SPB_16.3/share/local/pcb/padstacks 
           C:/Cadence/SPB_16.3/share/pcb/pcb_lib/symbols 
           C:/Cadence/SPB_16.3/share/pcb/allegrolib/symbols 
           ../../lib/padstacks 
           C:\Amateur Radio\Projects\UCSC 2m Repeater\Lib\padstacks 


------ Summary Statistics ------


netrev run on Jun 15 15:50:43 2011
   DESIGN NAME : 'CPOL'
   PACKAGING ON Nov 29 2010 15:06:24

   COMPILE 'logic'
   CHECK_PIN_NAMES OFF
   CROSS_REFERENCE OFF
   FEEDBACK OFF
   INCREMENTAL OFF
   INTERFACE_TYPE PHYSICAL
   MAX_ERRORS 500
   MERGE_MINIMUM 5
   NET_NAME_CHARS '#%&()*+-./:=>?@[]^_`|'
   NET_NAME_LENGTH 24
   OVERSIGHTS ON
   REPLACE_CHECK OFF
   SINGLE_NODE_NETS ON
   SPLIT_MINIMUM 0
   SUPPRESS   20
   WARNINGS ON

 No error detected
 No oversight detected
  1 warnings detected

cpu time      0:00:29
elapsed time  0:00:00

