# 
# ===============================================================================
#                               Allegro PCB Router                               
# Copyright 1990-2010 Cadence Design Systems, Inc.  All Rights Reserved.
# ===============================================================================
# 
# Software licensed for sale by Cadence Design Systems, Inc.
# Current time = Tue Apr 07 04:58:15 2015
# 
# Allegro PCB Router v16-5-13 made 2011/04/23 at 12:17:35
# Running on: owner-pc130616, OS Version: WindowsNT 6.1.7601, Architecture: Intel Pentium II, III, or 4
# Licensing: The program will not obey any unlicensed rules
# No graphics will be displayed.
# Design Name G:/Users/Owner/Dropbox/Dropbox/SeniorDesign/Designs/LinkingInterface New (1)/LinkingInterface New/linkinginterface/linkinginterface/pcb\LinkingInterface.dsn
# Batch File Name: pasde.do
# Did File Name: G:/Users/Owner/Dropbox/Dropbox/SeniorDesign/Designs/LinkingInterface New (1)/LinkingInterface New/linkinginterface/linkinginterface/pcb/specctra.did
# Current time = Tue Apr 07 04:58:15 2015
# PCB G:/Users/Owner/Dropbox/Dropbox/SeniorDesign/Designs/LinkingInterface New (1)/LinkingInterface New/linkinginterface/linkinginterface/pcb
# <<ERROR:>> Error in file G:/Users/Owner/Dropbox/Dropbox/SeniorDesign/Designs/LinkingInterface New (1)/LinkingInterface New/linkinginterface/linkinginterface/pcb\LinkingInterface.dsn, line 2: token 4 = 1
# (content): G:/Users/Owner/Dropbox/Dropbox/SeniorDesign/Designs/LinkingInterface New (1)/LinkingInterface New/linkinginterface/linkinginterface/pcb/LinkingInterface.brd
