(---------------------------------------------------------------------)
(                                                                     )
(    NC DRILL Log                                                     )
(                                                                     )
(    Drawing          : #Taaaaaa54352.tmp                             )
(    Software Version : 16.5P002                                      )
(    Date/Time        : Sun Apr 19 14:38:21 2015                      )
(                                                                     )
(---------------------------------------------------------------------)



 Processing NC Parameters file ...

 NC PARAMETERS
 -------------

 FORMAT   		2.4
 MACHINE-OFFSET		x:0.000000	y:0.000000
 FEEDRATE		1
 COORDINATES		ABSOLUTE
 OUTPUT-UNITS		ENGLISH
 TOOL-ORDER		DECREASING
 REPEAT-CODES		YES
 SUPPRESS-LEAD-ZEROES	NO
 SUPPRESS-TRAIL-ZEROES	YES
 SUPPRESS-EQUAL		NO
 TOOL-SELECT		YES
 HEADER			none
 LEADER			12
 CODE			ASCII
 SEPARATE		NO
 OPTIMIZE_DRILLING	NO
 ENHANCED_EXCELLON	YES
 SCALE			1.000000

 WARNING: Design precision is the same as that of the drill output file data.
          Data rounding errors may still be possible.
 WARNING: Can't find tool file (nc_tools.txt)
          ... will auto-generate tool file (nc_tools_auto.txt)


     Auto-generating tool file nc_tools_auto.txt
     -------------------------------------------

           Size  Plating  Tool        + Tolerance  - Tolerance

          125.0  P        T01            0.000000     0.000000
           86.0  P        T02            0.000000     0.000000
           60.0  P        T03            0.000000     0.000000
           20.0  P        T04            0.000000     0.000000
          125.0  N        T05            0.000000     0.000000
           86.0  N        T06            0.000000     0.000000


 Drill files being output to directory 'G:/Users/Owner/Dropbox/Dropbox/SeniorDesign/Designs/linkinginterface/linkinginterface/pcb/artwork' ...



     'NCdrill-1-2.drl' created for holes connecting TOP and BOTTOM
     -------------------------------------------------------------

     Tool  Num     Size      +/- Tolerance     Plating   Quantity

     T01    1. 125.0000    0.0000/  0.0000      PLATED          2
     T02    2.  86.0000    0.0000/  0.0000      PLATED         20
     T03    3.  60.0000    0.0000/  0.0000      PLATED         11
     T04    4.  20.0000    0.0000/  0.0000      PLATED         41
     T05    5. 125.0000    0.0000/  0.0000  NON_PLATED          4
     T06    6.  86.0000    0.0000/  0.0000  NON_PLATED          2

     ---- Total holes:                                         80

     ---- Total head travel:              6.96 feet (2.12 meters)

