(---------------------------------------------------------------------)
(                                                                     )
(    ARTWORK LOG                                                      )
(                                                                     )
(    Drawing          : LinkingInterfaceV1.3.brd                      )
(    Software Version : 16.5P002                                      )
(    Date/Time        : Sun Apr 19 14:49:51 2015                      )
(                                                                     )
(---------------------------------------------------------------------)


 ---- Photoplot outline rectangle not found ... using drawing extents




 Can't open parameter file ... using default values:
     DEVICE-TYPE        GERBER6X00
     G-CODES            NO
     STATIONS-PER-WHEEL 24
     FILM-SIZE          24000 16000
     COORDINATES        ABSOLUTE
     OUTPUT-UNITS       INCHES
     FORMAT             5.3
     ABORT-ON-ERROR     abort film & continue
     SUPPRESS-LEAD-ZEROES     YES
     SUPPRESS-TRAIL-ZEROES    NO
     OPTIMIZE           YES
     SUPPRESS-EQUAL     YES
     SCALE              1.0




================================================================
     PROCESSING FILM < TOP >
     TO FILE < G:/Users/Owner/Dropbox/Dropbox/SeniorDesign/Designs/linkinginterface/linkinginterface/pcb/artwork/linkingInterface_v1_TOP.art > ...
================================================================

  FILM PARAMETERS :
  ---------------------------------------------------------
  Undefined line width                0.0
  Mirror code                         NONE
  Rotate angle                        NONE
  Offset x:                           0.0
  Offset y:                           0.0
  Plot negative                       NO
  Suppress unconnected internal pads  NO



  APERTURES USED:
  ---------------------------------------------------------
  TYPE       SIZE/NAME                   ROT   MIRROR MODE 
  ---------------------------------------------------------
  CIRCLE     0.00500                                  DARK 
  CIRCLE     0.01200                                  DARK 
  CIRCLE     0.02500                                  DARK 
  CIRCLE     0.03000                                  DARK 
  CIRCLE     0.07500                                  DARK 
  CIRCLE     0.08100                                  DARK 
  CIRCLE     0.09000                                  DARK 
  CIRCLE     0.10000                                  DARK 
  CIRCLE     0.13000                                  DARK 
  SQUARE     0.05000                     0.000 NO     DARK 
  SQUARE     0.08100                     0.000 NO     DARK 
  SQUARE     0.08600                     0.000 NO     DARK 
  SQUARE     0.10000                     0.000 NO     DARK 
  RECTANGLE  0.01570     x 0.04920       0.000 NO     DARK 
  RECTANGLE  0.01970     x 0.03940      90.000 NO     DARK 
  RECTANGLE  0.02170     x 0.04130       0.000 NO     DARK 
  RECTANGLE  0.02760     x 0.07280       0.000 NO     DARK 
  RECTANGLE  0.02760     x 0.07280      90.000 NO     DARK 
  RECTANGLE  0.03150     x 0.14570       0.000 NO     DARK 
  RECTANGLE  0.03740     x 0.08460      90.000 NO     DARK 
  RECTANGLE  0.03800     x 0.03200       0.000 NO     DARK 
  RECTANGLE  0.03940     x 0.05510       0.000 NO     DARK 
  RECTANGLE  0.04800     x 0.08800      90.000 NO     DARK 
  RECTANGLE  0.08660     x 0.11020      90.000 NO     DARK 
  RECTANGLE  0.11020     x 0.11020      90.000 NO     DARK 
  RECTANGLE  0.12800     x 0.08460      90.000 NO     DARK 
  RECTANGLE  0.14200     x 0.08800      90.000 NO     DARK 

     linkingInterface_v1_TOP created with warnings


================================================================
     PROCESSING FILM < BOTTOM >
     TO FILE < G:/Users/Owner/Dropbox/Dropbox/SeniorDesign/Designs/linkinginterface/linkinginterface/pcb/artwork/linkingInterface_v1_BOTTOM.art > ...
================================================================

  FILM PARAMETERS :
  ---------------------------------------------------------
  Undefined line width                0.0
  Mirror code                         NONE
  Rotate angle                        NONE
  Offset x:                           0.0
  Offset y:                           0.0
  Plot negative                       NO
  Suppress unconnected internal pads  NO



  APERTURES USED:
  ---------------------------------------------------------
  TYPE       SIZE/NAME                   ROT   MIRROR MODE 
  ---------------------------------------------------------
  CIRCLE     0.01200                                  DARK 
  CIRCLE     0.02500                                  DARK 
  CIRCLE     0.03000                                  DARK 
  CIRCLE     0.07500                                  DARK 
  CIRCLE     0.08100                                  DARK 
  CIRCLE     0.09000                                  DARK 
  CIRCLE     0.10000                                  DARK 
  CIRCLE     0.13000                                  DARK 
  SQUARE     0.08100                     0.000 NO     DARK 
  SQUARE     0.10000                     0.000 NO     DARK 

     linkingInterface_v1_BOTTOM created with warnings


================================================================
     PROCESSING FILM < SMT >
     TO FILE < G:/Users/Owner/Dropbox/Dropbox/SeniorDesign/Designs/linkinginterface/linkinginterface/pcb/artwork/linkingInterface_v1_SMT.art > ...
================================================================

  FILM PARAMETERS :
  ---------------------------------------------------------
  Undefined line width                0.0
  Mirror code                         NONE
  Rotate angle                        NONE
  Offset x:                           0.0
  Offset y:                           0.0
  Plot negative                       NO
  Suppress unconnected internal pads  NO



  APERTURES USED:
  ---------------------------------------------------------
  TYPE       SIZE/NAME                   ROT   MIRROR MODE 
  ---------------------------------------------------------
  CIRCLE     0.05000                                  DARK 
  CIRCLE     0.07500                                  DARK 
  CIRCLE     0.08100                                  DARK 
  CIRCLE     0.09000                                  DARK 
  CIRCLE     0.10000                                  DARK 
  CIRCLE     0.13000                                  DARK 
  CIRCLE     0.14500                                  DARK 
  SQUARE     0.05000                     0.000 NO     DARK 
  SQUARE     0.08100                     0.000 NO     DARK 
  SQUARE     0.08600                     0.000 NO     DARK 
  SQUARE     0.10000                     0.000 NO     DARK 
  RECTANGLE  0.02760     x 0.04530       0.000 NO     DARK 
  RECTANGLE  0.03150     x 0.06890       0.000 NO     DARK 
  RECTANGLE  0.03150     x 0.07680       0.000 NO     DARK 
  RECTANGLE  0.03150     x 0.07680      90.000 NO     DARK 
  RECTANGLE  0.03350     x 0.06100       0.000 NO     DARK 
  RECTANGLE  0.03800     x 0.03200       0.000 NO     DARK 
  RECTANGLE  0.03940     x 0.05510       0.000 NO     DARK 
  RECTANGLE  0.03940     x 0.05910      90.000 NO     DARK 
  RECTANGLE  0.04020     x 0.08740      90.000 NO     DARK 
  RECTANGLE  0.04800     x 0.08800      90.000 NO     DARK 
  RECTANGLE  0.08660     x 0.11020      90.000 NO     DARK 
  RECTANGLE  0.11020     x 0.11020      90.000 NO     DARK 
  RECTANGLE  0.13070     x 0.08740      90.000 NO     DARK 
  RECTANGLE  0.14200     x 0.08800      90.000 NO     DARK 

     linkingInterface_v1_SMT created with warnings


================================================================
     PROCESSING FILM < SMB >
     TO FILE < G:/Users/Owner/Dropbox/Dropbox/SeniorDesign/Designs/linkinginterface/linkinginterface/pcb/artwork/linkingInterface_v1_SMB.art > ...
================================================================

  FILM PARAMETERS :
  ---------------------------------------------------------
  Undefined line width                0.0
  Mirror code                         NONE
  Rotate angle                        NONE
  Offset x:                           0.0
  Offset y:                           0.0
  Plot negative                       NO
  Suppress unconnected internal pads  NO



  APERTURES USED:
  ---------------------------------------------------------
  TYPE       SIZE/NAME                   ROT   MIRROR MODE 
  ---------------------------------------------------------
  CIRCLE     0.07500                                  DARK 
  CIRCLE     0.08100                                  DARK 
  CIRCLE     0.09000                                  DARK 
  CIRCLE     0.10000                                  DARK 
  CIRCLE     0.13000                                  DARK 
  CIRCLE     0.14500                                  DARK 
  SQUARE     0.08100                     0.000 NO     DARK 
  SQUARE     0.10000                     0.000 NO     DARK 

     linkingInterface_v1_SMB created with warnings


================================================================
     PROCESSING FILM < SST >
     TO FILE < G:/Users/Owner/Dropbox/Dropbox/SeniorDesign/Designs/linkinginterface/linkinginterface/pcb/artwork/linkingInterface_v1_SST.art > ...
================================================================

  FILM PARAMETERS :
  ---------------------------------------------------------
  Undefined line width                0.0
  Mirror code                         NONE
  Rotate angle                        NONE
  Offset x:                           0.0
  Offset y:                           0.0
  Plot negative                       NO
  Suppress unconnected internal pads  NO

    WARNING: text composed 0 width line found at (11109.0 5680.0)
           ... ignored!

    WARNING: text having Multiple 0 width lines; all will be treated the same as the first.
           ... ignored!

    WARNING: 0 width line found at (11599.3 5368.3)
           ... ignored!

    WARNING: Multiple 0 width lines; all will be treated the same as the first.
           ... ignored!



  APERTURES USED:
  ---------------------------------------------------------
  TYPE       SIZE/NAME                   ROT   MIRROR MODE 
  ---------------------------------------------------------
  CIRCLE     0.00500                                  DARK 
  CIRCLE     0.00600                                  DARK 
  CIRCLE     0.00790                                  DARK 
  CIRCLE     0.00800                                  DARK 

     linkingInterface_v1_SST created with warnings


================================================================
     PROCESSING FILM < SSB >
     TO FILE < G:/Users/Owner/Dropbox/Dropbox/SeniorDesign/Designs/linkinginterface/linkinginterface/pcb/artwork/linkingInterface_v1_SSB.art > ...
================================================================

  FILM PARAMETERS :
  ---------------------------------------------------------
  Undefined line width                0.0
  Mirror code                         NONE
  Rotate angle                        NONE
  Offset x:                           0.0
  Offset y:                           0.0
  Plot negative                       NO
  Suppress unconnected internal pads  NO



  APERTURES USED:
  ---------------------------------------------------------
  TYPE       SIZE/NAME                   ROT   MIRROR MODE 
  ---------------------------------------------------------
  CIRCLE     0.00800                                  DARK 

     linkingInterface_v1_SSB created with warnings


================================================================
     PROCESSING FILM < MECH >
     TO FILE < G:/Users/Owner/Dropbox/Dropbox/SeniorDesign/Designs/linkinginterface/linkinginterface/pcb/artwork/linkingInterface_v1_MECH.art > ...
================================================================

  FILM PARAMETERS :
  ---------------------------------------------------------
  Undefined line width                0.0
  Mirror code                         NONE
  Rotate angle                        NONE
  Offset x:                           0.0
  Offset y:                           0.0
  Plot negative                       NO
  Suppress unconnected internal pads  NO



  APERTURES USED:
  ---------------------------------------------------------
  TYPE       SIZE/NAME                   ROT   MIRROR MODE 
  ---------------------------------------------------------
  CIRCLE     0.00500                                  DARK 
  CIRCLE     0.05000                                  DARK 

     linkingInterface_v1_MECH created with warnings


------------------------------------------------------
 SUMMARY:
        linkingInterface_v1_TOP created with warnings
        linkingInterface_v1_BOTTOM created with warnings
        linkingInterface_v1_SMT created with warnings
        linkingInterface_v1_SMB created with warnings
        linkingInterface_v1_SST created with warnings
        linkingInterface_v1_SSB created with warnings
        linkingInterface_v1_MECH created with warnings

 ARTWORK had warnings
