(---------------------------------------------------------------------)
(                                                                     )
(    Allegro Netrev Import Logic                                      )
(                                                                     )
(    Drawing          : LinkingInterfaceV2_16.1.brd                   )
(    Software Version : 16.5P002                                      )
(    Date/Time        : Thu Jun 11 18:22:10 2015                      )
(                                                                     )
(---------------------------------------------------------------------)


------ Directives ------

RIPUP_ETCH FALSE;
RIPUP_DELETE_FIRST_SEGMENT FALSE;
RIPUP_RETAIN_BONDWIRE FALSE;
RIPUP_SYMBOLS ALWAYS;
Missing symbol has error FALSE;
SCHEMATIC_DIRECTORY 'C:/Users/BELS/Desktop/linkinginterface/linkinginterface';
BOARD_DIRECTORY '';
OLD_BOARD_NAME 'C:/Users/BELS/Desktop/linkinginterface/linkinginterface/pcb/LinkingInterfaceV2_16.1.brd';
NEW_BOARD_NAME 'C:/Users/BELS/Desktop/linkinginterface/linkinginterface/pcb/LinkingInterfaceV2_16.1.brd';

CmdLine: netrev -$ -i C:/Users/BELS/Desktop/linkinginterface/linkinginterface -y 1 C:/Users/BELS/Desktop/linkinginterface/linkinginterface/pcb/#Taaaaaa04336.tmp

------ Preparing to read pst files ------

Starting to read C:/Users/BELS/Desktop/linkinginterface/linkinginterface/pstchip.dat 
   Finished reading C:/Users/BELS/Desktop/linkinginterface/linkinginterface/pstchip.dat (00:00:00.15)
Starting to read C:/Users/BELS/Desktop/linkinginterface/linkinginterface/pstxprt.dat 
   Finished reading C:/Users/BELS/Desktop/linkinginterface/linkinginterface/pstxprt.dat (00:00:00.01)
Starting to read C:/Users/BELS/Desktop/linkinginterface/linkinginterface/pstxnet.dat 
   Finished reading C:/Users/BELS/Desktop/linkinginterface/linkinginterface/pstxnet.dat (00:00:00.00)

------ Oversights/Warnings/Errors ------


------ Library Paths ------
MODULEPATH =  . 
           C:/Cadence/SPB_16.5/share/local/pcb/modules 

PSMPATH =  . 
           symbols 
           .. 
           ../symbols 
           C:/Cadence/SPB_16.5/share/local/pcb/symbols 
           C:/Cadence/SPB_16.5/share/pcb/pcb_lib/symbols 
           C:/Cadence/SPB_16.5/share/pcb/allegrolib/symbols 

PADPATH =  . 
           symbols 
           .. 
           ../symbols 
           C:/Cadence/SPB_16.5/share/local/pcb/padstacks 
           C:/Cadence/SPB_16.5/share/pcb/pcb_lib/symbols 
           C:/Cadence/SPB_16.5/share/pcb/allegrolib/symbols 


------ Summary Statistics ------


netrev run on Jun 11 18:22:10 2015
   DESIGN NAME : 'AUDIOLINKINGINTERFACE'
   PACKAGING ON Apr 21 2011 10:02:30

   COMPILE 'logic'
   CHECK_PIN_NAMES OFF
   CROSS_REFERENCE OFF
   FEEDBACK OFF
   INCREMENTAL OFF
   INTERFACE_TYPE PHYSICAL
   MAX_ERRORS 500
   MERGE_MINIMUM 5
   NET_NAME_CHARS '#%&()*+-./:=>?@[]^_`|'
   NET_NAME_LENGTH 24
   OVERSIGHTS ON
   REPLACE_CHECK OFF
   SINGLE_NODE_NETS ON
   SPLIT_MINIMUM 0
   SUPPRESS   20
   WARNINGS ON

 No error detected
 No oversight detected
 No warning detected

cpu time      0:03:52
elapsed time  0:00:02

