(---------------------------------------------------------------------)
(                                                                     )
(    ARTWORK LOG                                                      )
(                                                                     )
(    Drawing          : groundBounce_v1.brd                           )
(    Software Version : 16.5P002                                      )
(    Date/Time        : Wed Jun 10 14:29:41 2015                      )
(                                                                     )
(---------------------------------------------------------------------)


 ---- Photoplot outline rectangle not found ... using drawing extents



Results from parameter file ...
    DEVICE-TYPE           GERBER_RS274X
    OUTPUT-UNITS          INCHES
    FILM-SIZE             2400000 1600000
    FORMAT                2.5
    ABORT-ON-ERROR        NO
    SCALE                 1
    SUPPRESS-LEAD-ZEROES  YES
    SUPPRESS-TRAIL-ZEROES NO
    SUPPRESS-EQUAL        YES
    UNDEF-APT-CONT        NO


================================================================
     PROCESSING FILM < TOP >
     TO FILE < C:/Users/tgbodkin/Desktop/GroundBounce/linkinginterface/pcb/GroundBounce_v1_2_TOP.art > ...
================================================================

  FILM PARAMETERS :
  ---------------------------------------------------------
  Undefined line width                0.0
  Mirror code                         NONE
  Rotate angle                        NONE
  Offset x:                           0.0
  Offset y:                           0.0
  Plot negative                       NO
  Suppress unconnected internal pads  NO



  APERTURES USED:
  ---------------------------------------------------------
  TYPE       SIZE/NAME                   ROT   MIRROR MODE 
  ---------------------------------------------------------
  CIRCLE     0.00500                                  DARK 
  CIRCLE     0.01200                                  DARK 
  CIRCLE     0.02500                                  DARK 
  CIRCLE     0.03000                                  DARK 
  CIRCLE     0.05800                                  DARK 
  CIRCLE     0.06200                                  DARK 
  SQUARE     0.05000                     0.000 NO     DARK 
  SQUARE     0.05800                     0.000 NO     DARK 
  SQUARE     0.06200                     0.000 NO     DARK 

     GroundBounce_v1_2_TOP created.


================================================================
     PROCESSING FILM < BOTTOM >
     TO FILE < C:/Users/tgbodkin/Desktop/GroundBounce/linkinginterface/pcb/GroundBounce_v1_2_BOTTOM.art > ...
================================================================

  FILM PARAMETERS :
  ---------------------------------------------------------
  Undefined line width                0.0
  Mirror code                         NONE
  Rotate angle                        NONE
  Offset x:                           0.0
  Offset y:                           0.0
  Plot negative                       NO
  Suppress unconnected internal pads  NO



  APERTURES USED:
  ---------------------------------------------------------
  TYPE       SIZE/NAME                   ROT   MIRROR MODE 
  ---------------------------------------------------------
  CIRCLE     0.01200                                  DARK 
  CIRCLE     0.02500                                  DARK 
  CIRCLE     0.03000                                  DARK 
  CIRCLE     0.05800                                  DARK 
  CIRCLE     0.06200                                  DARK 
  SQUARE     0.05800                     0.000 NO     DARK 
  SQUARE     0.06200                     0.000 NO     DARK 

     GroundBounce_v1_2_BOTTOM created.


================================================================
     PROCESSING FILM < SMT >
     TO FILE < C:/Users/tgbodkin/Desktop/GroundBounce/linkinginterface/pcb/GroundBounce_v1_2_SMT.art > ...
================================================================

  FILM PARAMETERS :
  ---------------------------------------------------------
  Undefined line width                0.0
  Mirror code                         NONE
  Rotate angle                        NONE
  Offset x:                           0.0
  Offset y:                           0.0
  Plot negative                       NO
  Suppress unconnected internal pads  NO



  APERTURES USED:
  ---------------------------------------------------------
  TYPE       SIZE/NAME                   ROT   MIRROR MODE 
  ---------------------------------------------------------
  CIRCLE     0.00500                                  DARK 
  CIRCLE     0.05000                                  DARK 
  CIRCLE     0.05800                                  DARK 
  CIRCLE     0.06200                                  DARK 
  CIRCLE     0.14500                                  DARK 
  SQUARE     0.05000                     0.000 NO     DARK 
  SQUARE     0.05800                     0.000 NO     DARK 
  SQUARE     0.06200                     0.000 NO     DARK 

     GroundBounce_v1_2_SMT created.


================================================================
     PROCESSING FILM < SMB >
     TO FILE < C:/Users/tgbodkin/Desktop/GroundBounce/linkinginterface/pcb/GroundBounce_v1_2_SMB.art > ...
================================================================

  FILM PARAMETERS :
  ---------------------------------------------------------
  Undefined line width                0.0
  Mirror code                         NONE
  Rotate angle                        NONE
  Offset x:                           0.0
  Offset y:                           0.0
  Plot negative                       NO
  Suppress unconnected internal pads  NO



  APERTURES USED:
  ---------------------------------------------------------
  TYPE       SIZE/NAME                   ROT   MIRROR MODE 
  ---------------------------------------------------------
  CIRCLE     0.00500                                  DARK 
  CIRCLE     0.05800                                  DARK 
  CIRCLE     0.06200                                  DARK 
  CIRCLE     0.14500                                  DARK 
  SQUARE     0.05800                     0.000 NO     DARK 
  SQUARE     0.06200                     0.000 NO     DARK 

     GroundBounce_v1_2_SMB created.


================================================================
     PROCESSING FILM < SST >
     TO FILE < C:/Users/tgbodkin/Desktop/GroundBounce/linkinginterface/pcb/GroundBounce_v1_2_SST.art > ...
================================================================

  FILM PARAMETERS :
  ---------------------------------------------------------
  Undefined line width                0.0
  Mirror code                         NONE
  Rotate angle                        NONE
  Offset x:                           0.0
  Offset y:                           0.0
  Plot negative                       NO
  Suppress unconnected internal pads  NO

    WARNING: text composed 0 width line found at (11433.0 7690.4)
           ... ignored!

    WARNING: text having Multiple 0 width lines; all will be treated the same as the first.
           ... ignored!



  APERTURES USED:
  ---------------------------------------------------------
  TYPE       SIZE/NAME                   ROT   MIRROR MODE 
  ---------------------------------------------------------
  CIRCLE     0.00500                                  DARK 
  CIRCLE     0.00600                                  DARK 
  CIRCLE     0.00800                                  DARK 

     GroundBounce_v1_2_SST created with warnings


================================================================
     PROCESSING FILM < SSB >
     TO FILE < C:/Users/tgbodkin/Desktop/GroundBounce/linkinginterface/pcb/GroundBounce_v1_2_SSB.art > ...
================================================================

  FILM PARAMETERS :
  ---------------------------------------------------------
  Undefined line width                0.0
  Mirror code                         NONE
  Rotate angle                        NONE
  Offset x:                           0.0
  Offset y:                           0.0
  Plot negative                       NO
  Suppress unconnected internal pads  NO



  APERTURES USED:
  ---------------------------------------------------------
  TYPE       SIZE/NAME                   ROT   MIRROR MODE 
  ---------------------------------------------------------
  CIRCLE     0.00500                                  DARK 

     GroundBounce_v1_2_SSB created.


================================================================
     PROCESSING FILM < MECH >
     TO FILE < C:/Users/tgbodkin/Desktop/GroundBounce/linkinginterface/pcb/GroundBounce_v1_2_MECH.art > ...
================================================================

  FILM PARAMETERS :
  ---------------------------------------------------------
  Undefined line width                0.0
  Mirror code                         NONE
  Rotate angle                        NONE
  Offset x:                           0.0
  Offset y:                           0.0
  Plot negative                       NO
  Suppress unconnected internal pads  NO

    WARNING: rectangle or unfilled shape composed 0 width line found at (11230.0 8800.0)
           ... ignored!



  APERTURES USED:
  ---------------------------------------------------------
  TYPE       SIZE/NAME                   ROT   MIRROR MODE 
  ---------------------------------------------------------
  CIRCLE     0.00500                                  DARK 
  CIRCLE     0.02500                                  DARK 
  CIRCLE     0.05000                                  DARK 

     GroundBounce_v1_2_MECH created with warnings


------------------------------------------------------
 SUMMARY:
        GroundBounce_v1_2_TOP created.
        GroundBounce_v1_2_BOTTOM created.
        GroundBounce_v1_2_SMT created.
        GroundBounce_v1_2_SMB created.
        GroundBounce_v1_2_SST created with warnings
        GroundBounce_v1_2_SSB created.
        GroundBounce_v1_2_MECH created with warnings

 ARTWORK finished
