(---------------------------------------------------------------------)
(                                                                     )
(    Allegro Netrev Import Logic                                      )
(                                                                     )
(    Drawing          : LinkingInterfaceV2_9.brd                      )
(    Software Version : 16.5P002                                      )
(    Date/Time        : Mon Jun 08 16:11:17 2015                      )
(                                                                     )
(---------------------------------------------------------------------)


------ Directives ------

RIPUP_ETCH FALSE;
RIPUP_DELETE_FIRST_SEGMENT FALSE;
RIPUP_RETAIN_BONDWIRE FALSE;
RIPUP_SYMBOLS ALWAYS;
Missing symbol has error FALSE;
SCHEMATIC_DIRECTORY 'C:/Users/tgbodkin/Desktop/LinkingInterface_V2_8_ProjectFiles/LinkingInterface_V2_8_ProjectFiles/LinkingInterface_V2_8/linkinginterface/linkinginterface';
BOARD_DIRECTORY '';
OLD_BOARD_NAME 'C:/Users/tgbodkin/Desktop/LinkingInterface_V2_8_ProjectFiles/LinkingInterface_V2_8_ProjectFiles/LinkingInterface_V2_8/linkinginterface/linkinginterface/pcb/LinkingInterfaceV2_9.brd';
NEW_BOARD_NAME 'C:/Users/tgbodkin/Desktop/LinkingInterface_V2_8_ProjectFiles/LinkingInterface_V2_8_ProjectFiles/LinkingInterface_V2_8/linkinginterface/linkinginterface/pcb/LinkingInterfaceV2_9.brd';

CmdLine: netrev -$ -i C:/Users/tgbodkin/Desktop/LinkingInterface_V2_8_ProjectFiles/LinkingInterface_V2_8_ProjectFiles/LinkingInterface_V2_8/linkinginterface/linkinginterface -y 1 C:/Users/tgbodkin/Desktop/LinkingInterface_V2_8_ProjectFiles/LinkingInterface_V2_8_ProjectFiles/LinkingInterface_V2_8/linkinginterface/linkinginterface/pcb/#Taaaaaa02068.tmp

------ Preparing to read pst files ------

Starting to read C:/Users/tgbodkin/Desktop/LinkingInterface_V2_8_ProjectFiles/LinkingInterface_V2_8_ProjectFiles/LinkingInterface_V2_8/linkinginterface/linkinginterface/pstchip.dat 
   Finished reading C:/Users/tgbodkin/Desktop/LinkingInterface_V2_8_ProjectFiles/LinkingInterface_V2_8_ProjectFiles/LinkingInterface_V2_8/linkinginterface/linkinginterface/pstchip.dat (00:00:00.06)
Starting to read C:/Users/tgbodkin/Desktop/LinkingInterface_V2_8_ProjectFiles/LinkingInterface_V2_8_ProjectFiles/LinkingInterface_V2_8/linkinginterface/linkinginterface/pstxprt.dat 
   Finished reading C:/Users/tgbodkin/Desktop/LinkingInterface_V2_8_ProjectFiles/LinkingInterface_V2_8_ProjectFiles/LinkingInterface_V2_8/linkinginterface/linkinginterface/pstxprt.dat (00:00:00.00)
Starting to read C:/Users/tgbodkin/Desktop/LinkingInterface_V2_8_ProjectFiles/LinkingInterface_V2_8_ProjectFiles/LinkingInterface_V2_8/linkinginterface/linkinginterface/pstxnet.dat 
   Finished reading C:/Users/tgbodkin/Desktop/LinkingInterface_V2_8_ProjectFiles/LinkingInterface_V2_8_ProjectFiles/LinkingInterface_V2_8/linkinginterface/linkinginterface/pstxnet.dat (00:00:00.00)

------ Oversights/Warnings/Errors ------


------ Library Paths ------
MODULEPATH =  . 
           C:/Cadence/SPB_16.5/share/local/pcb/modules 

PSMPATH =  C:\Users\tgbodkin\Desktop\linkinginterface\lib\symbols\ 
           . 
           symbols 
           .. 
           ../symbols 
           C:/Cadence/SPB_16.5/share/local/pcb/symbols 
           C:/Cadence/SPB_16.5/share/pcb/pcb_lib/symbols 
           C:/Cadence/SPB_16.5/share/pcb/allegrolib/symbols 

PADPATH =  . 
           symbols 
           .. 
           ../symbols 
           C:/Cadence/SPB_16.5/share/local/pcb/padstacks 
           C:/Cadence/SPB_16.5/share/pcb/pcb_lib/symbols 
           C:/Cadence/SPB_16.5/share/pcb/allegrolib/symbols 
           C:\Users\tgbodkin\Desktop\linkinginterface\lib\padstacks\ 
           C:\Users\tgbodkin\Downloads\LinkingInterface New (1)\LinkingInterface New\linkinginterface\lib\padstacks\ 
           C:\Users\tgbodkin\Desktop\linkinginterface\linkinginterface\linkinginterface\lib\padstacks\ 


------ Summary Statistics ------


netrev run on Jun 8 16:11:17 2015
   DESIGN NAME : 'AUDIOLINKINGINTERFACE'
   PACKAGING ON Apr 21 2011 10:02:30

   COMPILE 'logic'
   CHECK_PIN_NAMES OFF
   CROSS_REFERENCE OFF
   FEEDBACK OFF
   INCREMENTAL OFF
   INTERFACE_TYPE PHYSICAL
   MAX_ERRORS 500
   MERGE_MINIMUM 5
   NET_NAME_CHARS '#%&()*+-./:=>?@[]^_`|'
   NET_NAME_LENGTH 24
   OVERSIGHTS ON
   REPLACE_CHECK OFF
   SINGLE_NODE_NETS ON
   SPLIT_MINIMUM 0
   SUPPRESS   20
   WARNINGS ON

 No error detected
 No oversight detected
 No warning detected

cpu time      0:00:43
elapsed time  0:00:01

