(---------------------------------------------------------------------)
(                                                                     )
(    Allegro NETLIST IN Log File                                      )
(                                                                     )
(    Drawing          : BCON156T_LLB.brd                              )
(    Software Version : unreleased                                    )
(    Date/Time        : Thu May 05 20:27:14 2011                      )
(                                                                     )
(---------------------------------------------------------------------)


Thu May 05 20:27:14 2011				Page     1




Netlist File Name: 'C:\Cadence\SPB_16.3\share\pcb\pcb_lib_Orcad\symbols\BCON15~
6T\BCON156T_LLB.txt'      Layout File Name: 'C:\Cadence\SPB_16.3\share\pcb\pcb~
_lib_Orcad\symbols\BCON156T\BCON156T_LLB.brd'

===========================================================

$PACKAGES
'BLKCON156VHTM1SQSW3122' ! 'BLKCON156VHTM1SQSW3122' ! '' ; BLKCON156VHTM1SQSW3~
122
'BLKCON156RHTM1SQSW5852' ! 'BLKCON156RHTM1SQSW5852' ! '' ; BLKCON156RHTM1SQSW5~
852
'BLKCON156VHTM1SQSW1562' ! 'BLKCON156VHTM1SQSW1562' ! '' ; BLKCON156VHTM1SQSW1~
562
'BLKCON156RHTM1SQSW5452' ! 'BLKCON156RHTM1SQSW5452' ! '' ; BLKCON156RHTM1SQSW5~
452
'BLKCON156VHTM1SQSW1563' ! 'BLKCON156VHTM1SQSW1563' ! '' ; BLKCON156VHTM1SQSW1~
563
'BLKCON156VHTM1SQSW3123' ! 'BLKCON156VHTM1SQSW3123' ! '' ; BLKCON156VHTM1SQSW3~
123
'BLKCON156RHTM1SQSW5453' ! 'BLKCON156RHTM1SQSW5453' ! '' ; BLKCON156RHTM1SQSW5~
453
'BLKCON156RHTM1SQSW5853' ! 'BLKCON156RHTM1SQSW5853' ! '' ; BLKCON156RHTM1SQSW5~
853
'BLKCON156VHTM1SQSW1564' ! 'BLKCON156VHTM1SQSW1564' ! '' ; BLKCON156VHTM1SQSW1~
564
'BLKCON156VHTM1SQSW3124' ! 'BLKCON156VHTM1SQSW3124' ! '' ; BLKCON156VHTM1SQSW3~
124
'BLKCON156RHTM1SQSW5454' ! 'BLKCON156RHTM1SQSW5454' ! '' ; BLKCON156RHTM1SQSW5~
454
'BLKCON156RHTM1SQSW5854' ! 'BLKCON156RHTM1SQSW5854' ! '' ; BLKCON156RHTM1SQSW5~
854
'BLKCON156VHTM1SQSW1565' ! 'BLKCON156VHTM1SQSW1565' ! '' ; BLKCON156VHTM1SQSW1~
565
'BLKCON156VHTM1SQSW3125' ! 'BLKCON156VHTM1SQSW3125' ! '' ; BLKCON156VHTM1SQSW3~
125
'BLKCON156RHTM1SQSW5455' ! 'BLKCON156RHTM1SQSW5455' ! '' ; BLKCON156RHTM1SQSW5~
455
'BLKCON156RHTM1SQSW5855' ! 'BLKCON156RHTM1SQSW5855' ! '' ; BLKCON156RHTM1SQSW5~
855
'BLKCON156VHTM1SQSW1566' ! 'BLKCON156VHTM1SQSW1566' ! '' ; BLKCON156VHTM1SQSW1~
566
'BLKCON156VHTM1SQSW3126' ! 'BLKCON156VHTM1SQSW3126' ! '' ; BLKCON156VHTM1SQSW3~
126
'BLKCON156RHTM1SQSW5456' ! 'BLKCON156RHTM1SQSW5456' ! '' ; BLKCON156RHTM1SQSW5~
456
'BLKCON156RHTM1SQSW5856' ! 'BLKCON156RHTM1SQSW5856' ! '' ; BLKCON156RHTM1SQSW5~
856
'BLKCON156VHTM1SQSW1567' ! 'BLKCON156VHTM1SQSW1567' ! '' ; BLKCON156VHTM1SQSW1~
567
'BLKCON156VHTM1SQSW3127' ! 'BLKCON156VHTM1SQSW3127' ! '' ; BLKCON156VHTM1SQSW3~
127
'BLKCON156RHTM1SQSW5457' ! 'BLKCON156RHTM1SQSW5457' ! '' ; BLKCON156RHTM1SQSW5~
Thu May 05 20:27:14 2011				Page     2




457
'BLKCON156RHTM1SQSW5857' ! 'BLKCON156RHTM1SQSW5857' ! '' ; BLKCON156RHTM1SQSW5~
857
'BLKCON156VHTM1SQSW1568' ! 'BLKCON156VHTM1SQSW1568' ! '' ; BLKCON156VHTM1SQSW1~
568
'BLKCON156VHTM1SQSW3128' ! 'BLKCON156VHTM1SQSW3128' ! '' ; BLKCON156VHTM1SQSW3~
128
'BLKCON156RHTM1SQSW5458' ! 'BLKCON156RHTM1SQSW5458' ! '' ; BLKCON156RHTM1SQSW5~
458
'BLKCON156RHTM1SQSW5858' ! 'BLKCON156RHTM1SQSW5858' ! '' ; BLKCON156RHTM1SQSW5~
858
'BLKCON156VHTM1SQSW1569' ! 'BLKCON156VHTM1SQSW1569' ! '' ; BLKCON156VHTM1SQSW1~
569
'BLKCON156VHTM1SQSW3129' ! 'BLKCON156VHTM1SQSW3129' ! '' ; BLKCON156VHTM1SQSW3~
129
'BLKCON156RHTM1SQSW5459' ! 'BLKCON156RHTM1SQSW5459' ! '' ; BLKCON156RHTM1SQSW5~
459
'BLKCON156RHTM1SQSW5859' ! 'BLKCON156RHTM1SQSW5859' ! '' ; BLKCON156RHTM1SQSW5~
859
'BLKCON156VHTM1SQSW15610' ! 'BLKCON156VHTM1SQSW15610' ! '' ; BLKCON156VHTM1SQS~
W15610
'BLKCON156VHTM1SQSW31210' ! 'BLKCON156VHTM1SQSW31210' ! '' ; BLKCON156VHTM1SQS~
W31210
'BLKCON156RHTM1SQSW54510' ! 'BLKCON156RHTM1SQSW54510' ! '' ; BLKCON156RHTM1SQS~
W54510
'BLKCON156RHTM1SQSW58510' ! 'BLKCON156RHTM1SQSW58510' ! '' ; BLKCON156RHTM1SQS~
W58510
'BLKCON156VHTM1SQSW15611' ! 'BLKCON156VHTM1SQSW15611' ! '' ; BLKCON156VHTM1SQS~
W15611
'BLKCON156VHTM1SQSW31211' ! 'BLKCON156VHTM1SQSW31211' ! '' ; BLKCON156VHTM1SQS~
W31211
'BLKCON156RHTM1SQSW54511' ! 'BLKCON156RHTM1SQSW54511' ! '' ; BLKCON156RHTM1SQS~
W54511
'BLKCON156RHTM1SQSW58511' ! 'BLKCON156RHTM1SQSW58511' ! '' ; BLKCON156RHTM1SQS~
W58511
'BLKCON156VHTM1SQSW15612' ! 'BLKCON156VHTM1SQSW15612' ! '' ; BLKCON156VHTM1SQS~
W15612
'BLKCON156VHTM1SQSW31212' ! 'BLKCON156VHTM1SQSW31212' ! '' ; BLKCON156VHTM1SQS~
W31212
'BLKCON156RHTM1SQSW54512' ! 'BLKCON156RHTM1SQSW54512' ! '' ; BLKCON156RHTM1SQS~
W54512
'BLKCON156RHTM1SQSW58512' ! 'BLKCON156RHTM1SQSW58512' ! '' ; BLKCON156RHTM1SQS~
W58512
'BLKCON156VHTM1SQSW15613' ! 'BLKCON156VHTM1SQSW15613' ! '' ; BLKCON156VHTM1SQS~
W15613
'BLKCON156VHTM1SQSW31213' ! 'BLKCON156VHTM1SQSW31213' ! '' ; BLKCON156VHTM1SQS~
W31213
'BLKCON156RHTM1SQSW54513' ! 'BLKCON156RHTM1SQSW54513' ! '' ; BLKCON156RHTM1SQS~
W54513
'BLKCON156RHTM1SQSW58513' ! 'BLKCON156RHTM1SQSW58513' ! '' ; BLKCON156RHTM1SQS~
W58513
'BLKCON156VHTM1SQSW15614' ! 'BLKCON156VHTM1SQSW15614' ! '' ; BLKCON156VHTM1SQS~
Thu May 05 20:27:14 2011				Page     3




W15614
'BLKCON156VHTM1SQSW31214' ! 'BLKCON156VHTM1SQSW31214' ! '' ; BLKCON156VHTM1SQS~
W31214
'BLKCON156RHTM1SQSW54514' ! 'BLKCON156RHTM1SQSW54514' ! '' ; BLKCON156RHTM1SQS~
W54514
'BLKCON156RHTM1SQSW58514' ! 'BLKCON156RHTM1SQSW58514' ! '' ; BLKCON156RHTM1SQS~
W58514
'BLKCON156VHTM1SQSW15615' ! 'BLKCON156VHTM1SQSW15615' ! '' ; BLKCON156VHTM1SQS~
W15615
'BLKCON156VHTM1SQSW31215' ! 'BLKCON156VHTM1SQSW31215' ! '' ; BLKCON156VHTM1SQS~
W31215
'BLKCON156RHTM1SQSW54515' ! 'BLKCON156RHTM1SQSW54515' ! '' ; BLKCON156RHTM1SQS~
W54515
'BLKCON156RHTM1SQSW58515' ! 'BLKCON156RHTM1SQSW58515' ! '' ; BLKCON156RHTM1SQS~
W58515
'BLKCON156VHTM1SQSW15616' ! 'BLKCON156VHTM1SQSW15616' ! '' ; BLKCON156VHTM1SQS~
W15616
'BLKCON156VHTM1SQSW31216' ! 'BLKCON156VHTM1SQSW31216' ! '' ; BLKCON156VHTM1SQS~
W31216
'BLKCON156RHTM1SQSW54516' ! 'BLKCON156RHTM1SQSW54516' ! '' ; BLKCON156RHTM1SQS~
W54516
'BLKCON156RHTM1SQSW58516' ! 'BLKCON156RHTM1SQSW58516' ! '' ; BLKCON156RHTM1SQS~
W58516
'BLKCON156VHTM1SQSW15617' ! 'BLKCON156VHTM1SQSW15617' ! '' ; BLKCON156VHTM1SQS~
W15617
'BLKCON156VHTM1SQSW31217' ! 'BLKCON156VHTM1SQSW31217' ! '' ; BLKCON156VHTM1SQS~
W31217
'BLKCON156RHTM1SQSW54517' ! 'BLKCON156RHTM1SQSW54517' ! '' ; BLKCON156RHTM1SQS~
W54517
'BLKCON156RHTM1SQSW58517' ! 'BLKCON156RHTM1SQSW58517' ! '' ; BLKCON156RHTM1SQS~
W58517
'BLKCON156VHTM1SQSW15618' ! 'BLKCON156VHTM1SQSW15618' ! '' ; BLKCON156VHTM1SQS~
W15618
'BLKCON156VHTM1SQSW31218' ! 'BLKCON156VHTM1SQSW31218' ! '' ; BLKCON156VHTM1SQS~
W31218
'BLKCON156RHTM1SQSW54518' ! 'BLKCON156RHTM1SQSW54518' ! '' ; BLKCON156RHTM1SQS~
W54518
'BLKCON156RHTM1SQSW58518' ! 'BLKCON156RHTM1SQSW58518' ! '' ; BLKCON156RHTM1SQS~
W58518
'BLKCON156VHTM1SQSW15619' ! 'BLKCON156VHTM1SQSW15619' ! '' ; BLKCON156VHTM1SQS~
W15619
'BLKCON156VHTM1SQSW31219' ! 'BLKCON156VHTM1SQSW31219' ! '' ; BLKCON156VHTM1SQS~
W31219
'BLKCON156RHTM1SQSW54519' ! 'BLKCON156RHTM1SQSW54519' ! '' ; BLKCON156RHTM1SQS~
W54519
'BLKCON156RHTM1SQSW58519' ! 'BLKCON156RHTM1SQSW58519' ! '' ; BLKCON156RHTM1SQS~
W58519
'BLKCON156VHTM1SQSW15620' ! 'BLKCON156VHTM1SQSW15620' ! '' ; BLKCON156VHTM1SQS~
W15620
'BLKCON156VHTM1SQSW31220' ! 'BLKCON156VHTM1SQSW31220' ! '' ; BLKCON156VHTM1SQS~
W31220
'BLKCON156RHTM1SQSW54520' ! 'BLKCON156RHTM1SQSW54520' ! '' ; BLKCON156RHTM1SQS~
Thu May 05 20:27:14 2011				Page     4




W54520
'BLKCON156RHTM1SQSW58520' ! 'BLKCON156RHTM1SQSW58520' ! '' ; BLKCON156RHTM1SQS~
W58520
'BLKCON156VHTM1SQSW15621' ! 'BLKCON156VHTM1SQSW15621' ! '' ; BLKCON156VHTM1SQS~
W15621
'BLKCON156VHTM1SQSW31221' ! 'BLKCON156VHTM1SQSW31221' ! '' ; BLKCON156VHTM1SQS~
W31221
'BLKCON156RHTM1SQSW54521' ! 'BLKCON156RHTM1SQSW54521' ! '' ; BLKCON156RHTM1SQS~
W54521
'BLKCON156RHTM1SQSW58521' ! 'BLKCON156RHTM1SQSW58521' ! '' ; BLKCON156RHTM1SQS~
W58521
'BLKCON156VHTM1SQSW15622' ! 'BLKCON156VHTM1SQSW15622' ! '' ; BLKCON156VHTM1SQS~
W15622
'BLKCON156VHTM1SQSW31222' ! 'BLKCON156VHTM1SQSW31222' ! '' ; BLKCON156VHTM1SQS~
W31222
'BLKCON156RHTM1SQSW54522' ! 'BLKCON156RHTM1SQSW54522' ! '' ; BLKCON156RHTM1SQS~
W54522
'BLKCON156RHTM1SQSW58522' ! 'BLKCON156RHTM1SQSW58522' ! '' ; BLKCON156RHTM1SQS~
W58522
'BLKCON156VHTM1SQSW15623' ! 'BLKCON156VHTM1SQSW15623' ! '' ; BLKCON156VHTM1SQS~
W15623
'BLKCON156VHTM1SQSW31223' ! 'BLKCON156VHTM1SQSW31223' ! '' ; BLKCON156VHTM1SQS~
W31223
'BLKCON156RHTM1SQSW54523' ! 'BLKCON156RHTM1SQSW54523' ! '' ; BLKCON156RHTM1SQS~
W54523
'BLKCON156RHTM1SQSW58523' ! 'BLKCON156RHTM1SQSW58523' ! '' ; BLKCON156RHTM1SQS~
W58523
'BLKCON156VHTM1SQSW15624' ! 'BLKCON156VHTM1SQSW15624' ! '' ; BLKCON156VHTM1SQS~
W15624
'BLKCON156VHTM1SQSW31224' ! 'BLKCON156VHTM1SQSW31224' ! '' ; BLKCON156VHTM1SQS~
W31224
'BLKCON156RHTM1SQSW54524' ! 'BLKCON156RHTM1SQSW54524' ! '' ; BLKCON156RHTM1SQS~
W54524
'BLKCON156RHTM1SQSW58524' ! 'BLKCON156RHTM1SQSW58524' ! '' ; BLKCON156RHTM1SQS~
W58524
'BLKCON156VHTM1SQSW156HELP' ! 'BLKCON156VHTM1SQSW156HELP' ! '' ; BLKCON156VHTM~
1SQSW156HELP
'BLKCON156VHTM1SQSW312HELP' ! 'BLKCON156VHTM1SQSW312HELP' ! '' ; BLKCON156VHTM~
1SQSW312HELP
'BLKCON156RHTM1SQSW585HELP' ! 'BLKCON156RHTM1SQSW585HELP' ! '' ; BLKCON156RHTM~
1SQSW585HELP
$NETS
$A_PROPERTIES
$END

===========================================================
End of NETLIST IN Syntax/Logic Check
===========================================================

Total Netlist Warnings =  0.
Total Netlist Errors   =  0.
Thu May 05 20:27:14 2011				Page     1

Parsing device file: 'C:/Cadence/SPB_16.3/share/pcb/pcb_lib_Orcad/symbols/BCON156T/blkcon156vhtm1sqsw3122.txt'.


(DEVICE DESCRIPTION FILE: BLKCON156VHTM1SQSW3122)
PACKAGE BLKCON156VHTM1SQSW3122
PACKAGEPROP HEIGHT '1.0000000'
CLASS IC
PINCOUNT 2
END
Thu May 05 20:27:14 2011				Page     2

Parsing device file: 'C:/Cadence/SPB_16.3/share/pcb/pcb_lib_Orcad/symbols/BCON156T/blkcon156rhtm1sqsw5852.txt'.


(DEVICE DESCRIPTION FILE: BLKCON156RHTM1SQSW5852)
PACKAGE BLKCON156RHTM1SQSW5852
PACKAGEPROP HEIGHT '1.0000000'
CLASS IC
PINCOUNT 2
END
Thu May 05 20:27:14 2011				Page     3

Parsing device file: 'C:/Cadence/SPB_16.3/share/pcb/pcb_lib_Orcad/symbols/BCON156T/blkcon156vhtm1sqsw1562.txt'.


(DEVICE DESCRIPTION FILE: BLKCON156VHTM1SQSW1562)
PACKAGE BLKCON156VHTM1SQSW1562
PACKAGEPROP HEIGHT '1.0000000'
CLASS IC
PINCOUNT 2
END
Thu May 05 20:27:14 2011				Page     4

Parsing device file: 'C:/Cadence/SPB_16.3/share/pcb/pcb_lib_Orcad/symbols/BCON156T/blkcon156rhtm1sqsw5452.txt'.


(DEVICE DESCRIPTION FILE: BLKCON156RHTM1SQSW5452)
PACKAGE BLKCON156RHTM1SQSW5452
PACKAGEPROP HEIGHT '1.0000000'
CLASS IC
PINCOUNT 2
END
Thu May 05 20:27:14 2011				Page     5

Parsing device file: 'C:/Cadence/SPB_16.3/share/pcb/pcb_lib_Orcad/symbols/BCON156T/blkcon156vhtm1sqsw1563.txt'.


(DEVICE DESCRIPTION FILE: BLKCON156VHTM1SQSW1563)
PACKAGE BLKCON156VHTM1SQSW1563
PACKAGEPROP HEIGHT '1.0000000'
CLASS IC
PINCOUNT 3
END
Thu May 05 20:27:14 2011				Page     6

Parsing device file: 'C:/Cadence/SPB_16.3/share/pcb/pcb_lib_Orcad/symbols/BCON156T/blkcon156vhtm1sqsw3123.txt'.


(DEVICE DESCRIPTION FILE: BLKCON156VHTM1SQSW3123)
PACKAGE BLKCON156VHTM1SQSW3123
PACKAGEPROP HEIGHT '1.0000000'
CLASS IC
PINCOUNT 3
END
Thu May 05 20:27:14 2011				Page     7

Parsing device file: 'C:/Cadence/SPB_16.3/share/pcb/pcb_lib_Orcad/symbols/BCON156T/blkcon156rhtm1sqsw5453.txt'.


(DEVICE DESCRIPTION FILE: BLKCON156RHTM1SQSW5453)
PACKAGE BLKCON156RHTM1SQSW5453
PACKAGEPROP HEIGHT '1.0000000'
CLASS IC
PINCOUNT 3
END
Thu May 05 20:27:14 2011				Page     8

Parsing device file: 'C:/Cadence/SPB_16.3/share/pcb/pcb_lib_Orcad/symbols/BCON156T/blkcon156rhtm1sqsw5853.txt'.


(DEVICE DESCRIPTION FILE: BLKCON156RHTM1SQSW5853)
PACKAGE BLKCON156RHTM1SQSW5853
PACKAGEPROP HEIGHT '1.0000000'
CLASS IC
PINCOUNT 3
END
Thu May 05 20:27:14 2011				Page     9

Parsing device file: 'C:/Cadence/SPB_16.3/share/pcb/pcb_lib_Orcad/symbols/BCON156T/blkcon156vhtm1sqsw1564.txt'.


(DEVICE DESCRIPTION FILE: BLKCON156VHTM1SQSW1564)
PACKAGE BLKCON156VHTM1SQSW1564
PACKAGEPROP HEIGHT '1.0000000'
CLASS IC
PINCOUNT 4
END
Thu May 05 20:27:14 2011				Page    10

Parsing device file: 'C:/Cadence/SPB_16.3/share/pcb/pcb_lib_Orcad/symbols/BCON156T/blkcon156vhtm1sqsw3124.txt'.


(DEVICE DESCRIPTION FILE: BLKCON156VHTM1SQSW3124)
PACKAGE BLKCON156VHTM1SQSW3124
PACKAGEPROP HEIGHT '1.0000000'
CLASS IC
PINCOUNT 4
END
Thu May 05 20:27:14 2011				Page    11

Parsing device file: 'C:/Cadence/SPB_16.3/share/pcb/pcb_lib_Orcad/symbols/BCON156T/blkcon156rhtm1sqsw5454.txt'.


(DEVICE DESCRIPTION FILE: BLKCON156RHTM1SQSW5454)
PACKAGE BLKCON156RHTM1SQSW5454
PACKAGEPROP HEIGHT '1.0000000'
CLASS IC
PINCOUNT 4
END
Thu May 05 20:27:14 2011				Page    12

Parsing device file: 'C:/Cadence/SPB_16.3/share/pcb/pcb_lib_Orcad/symbols/BCON156T/blkcon156rhtm1sqsw5854.txt'.


(DEVICE DESCRIPTION FILE: BLKCON156RHTM1SQSW5854)
PACKAGE BLKCON156RHTM1SQSW5854
PACKAGEPROP HEIGHT '1.0000000'
CLASS IC
PINCOUNT 4
END
Thu May 05 20:27:14 2011				Page    13

Parsing device file: 'C:/Cadence/SPB_16.3/share/pcb/pcb_lib_Orcad/symbols/BCON156T/blkcon156vhtm1sqsw1565.txt'.


(DEVICE DESCRIPTION FILE: BLKCON156VHTM1SQSW1565)
PACKAGE BLKCON156VHTM1SQSW1565
PACKAGEPROP HEIGHT '1.0000000'
CLASS IC
PINCOUNT 5
END
Thu May 05 20:27:14 2011				Page    14

Parsing device file: 'C:/Cadence/SPB_16.3/share/pcb/pcb_lib_Orcad/symbols/BCON156T/blkcon156vhtm1sqsw3125.txt'.


(DEVICE DESCRIPTION FILE: BLKCON156VHTM1SQSW3125)
PACKAGE BLKCON156VHTM1SQSW3125
PACKAGEPROP HEIGHT '1.0000000'
CLASS IC
PINCOUNT 5
END
Thu May 05 20:27:14 2011				Page    15

Parsing device file: 'C:/Cadence/SPB_16.3/share/pcb/pcb_lib_Orcad/symbols/BCON156T/blkcon156rhtm1sqsw5455.txt'.


(DEVICE DESCRIPTION FILE: BLKCON156RHTM1SQSW5455)
PACKAGE BLKCON156RHTM1SQSW5455
PACKAGEPROP HEIGHT '1.0000000'
CLASS IC
PINCOUNT 5
END
Thu May 05 20:27:14 2011				Page    16

Parsing device file: 'C:/Cadence/SPB_16.3/share/pcb/pcb_lib_Orcad/symbols/BCON156T/blkcon156rhtm1sqsw5855.txt'.


(DEVICE DESCRIPTION FILE: BLKCON156RHTM1SQSW5855)
PACKAGE BLKCON156RHTM1SQSW5855
PACKAGEPROP HEIGHT '1.0000000'
CLASS IC
PINCOUNT 5
END
Thu May 05 20:27:14 2011				Page    17

Parsing device file: 'C:/Cadence/SPB_16.3/share/pcb/pcb_lib_Orcad/symbols/BCON156T/blkcon156vhtm1sqsw1566.txt'.


(DEVICE DESCRIPTION FILE: BLKCON156VHTM1SQSW1566)
PACKAGE BLKCON156VHTM1SQSW1566
PACKAGEPROP HEIGHT '1.0000000'
CLASS IC
PINCOUNT 6
END
Thu May 05 20:27:14 2011				Page    18

Parsing device file: 'C:/Cadence/SPB_16.3/share/pcb/pcb_lib_Orcad/symbols/BCON156T/blkcon156vhtm1sqsw3126.txt'.


(DEVICE DESCRIPTION FILE: BLKCON156VHTM1SQSW3126)
PACKAGE BLKCON156VHTM1SQSW3126
PACKAGEPROP HEIGHT '1.0000000'
CLASS IC
PINCOUNT 6
END
Thu May 05 20:27:14 2011				Page    19

Parsing device file: 'C:/Cadence/SPB_16.3/share/pcb/pcb_lib_Orcad/symbols/BCON156T/blkcon156rhtm1sqsw5456.txt'.


(DEVICE DESCRIPTION FILE: BLKCON156RHTM1SQSW5456)
PACKAGE BLKCON156RHTM1SQSW5456
PACKAGEPROP HEIGHT '1.0000000'
CLASS IC
PINCOUNT 6
END
Thu May 05 20:27:14 2011				Page    20

Parsing device file: 'C:/Cadence/SPB_16.3/share/pcb/pcb_lib_Orcad/symbols/BCON156T/blkcon156rhtm1sqsw5856.txt'.


(DEVICE DESCRIPTION FILE: BLKCON156RHTM1SQSW5856)
PACKAGE BLKCON156RHTM1SQSW5856
PACKAGEPROP HEIGHT '1.0000000'
CLASS IC
PINCOUNT 6
END
Thu May 05 20:27:14 2011				Page    21

Parsing device file: 'C:/Cadence/SPB_16.3/share/pcb/pcb_lib_Orcad/symbols/BCON156T/blkcon156vhtm1sqsw1567.txt'.


(DEVICE DESCRIPTION FILE: BLKCON156VHTM1SQSW1567)
PACKAGE BLKCON156VHTM1SQSW1567
PACKAGEPROP HEIGHT '1.0000000'
CLASS IC
PINCOUNT 7
END
Thu May 05 20:27:14 2011				Page    22

Parsing device file: 'C:/Cadence/SPB_16.3/share/pcb/pcb_lib_Orcad/symbols/BCON156T/blkcon156vhtm1sqsw3127.txt'.


(DEVICE DESCRIPTION FILE: BLKCON156VHTM1SQSW3127)
PACKAGE BLKCON156VHTM1SQSW3127
PACKAGEPROP HEIGHT '1.0000000'
CLASS IC
PINCOUNT 7
END
Thu May 05 20:27:14 2011				Page    23

Parsing device file: 'C:/Cadence/SPB_16.3/share/pcb/pcb_lib_Orcad/symbols/BCON156T/blkcon156rhtm1sqsw5457.txt'.


(DEVICE DESCRIPTION FILE: BLKCON156RHTM1SQSW5457)
PACKAGE BLKCON156RHTM1SQSW5457
PACKAGEPROP HEIGHT '1.0000000'
CLASS IC
PINCOUNT 7
END
Thu May 05 20:27:14 2011				Page    24

Parsing device file: 'C:/Cadence/SPB_16.3/share/pcb/pcb_lib_Orcad/symbols/BCON156T/blkcon156rhtm1sqsw5857.txt'.


(DEVICE DESCRIPTION FILE: BLKCON156RHTM1SQSW5857)
PACKAGE BLKCON156RHTM1SQSW5857
PACKAGEPROP HEIGHT '1.0000000'
CLASS IC
PINCOUNT 7
END
Thu May 05 20:27:14 2011				Page    25

Parsing device file: 'C:/Cadence/SPB_16.3/share/pcb/pcb_lib_Orcad/symbols/BCON156T/blkcon156vhtm1sqsw1568.txt'.


(DEVICE DESCRIPTION FILE: BLKCON156VHTM1SQSW1568)
PACKAGE BLKCON156VHTM1SQSW1568
PACKAGEPROP HEIGHT '1.0000000'
CLASS IC
PINCOUNT 8
END
Thu May 05 20:27:14 2011				Page    26

Parsing device file: 'C:/Cadence/SPB_16.3/share/pcb/pcb_lib_Orcad/symbols/BCON156T/blkcon156vhtm1sqsw3128.txt'.


(DEVICE DESCRIPTION FILE: BLKCON156VHTM1SQSW3128)
PACKAGE BLKCON156VHTM1SQSW3128
PACKAGEPROP HEIGHT '1.0000000'
CLASS IC
PINCOUNT 8
END
Thu May 05 20:27:14 2011				Page    27

Parsing device file: 'C:/Cadence/SPB_16.3/share/pcb/pcb_lib_Orcad/symbols/BCON156T/blkcon156rhtm1sqsw5458.txt'.


(DEVICE DESCRIPTION FILE: BLKCON156RHTM1SQSW5458)
PACKAGE BLKCON156RHTM1SQSW5458
PACKAGEPROP HEIGHT '1.0000000'
CLASS IC
PINCOUNT 8
END
Thu May 05 20:27:14 2011				Page    28

Parsing device file: 'C:/Cadence/SPB_16.3/share/pcb/pcb_lib_Orcad/symbols/BCON156T/blkcon156rhtm1sqsw5858.txt'.


(DEVICE DESCRIPTION FILE: BLKCON156RHTM1SQSW5858)
PACKAGE BLKCON156RHTM1SQSW5858
PACKAGEPROP HEIGHT '1.0000000'
CLASS IC
PINCOUNT 8
END
Thu May 05 20:27:14 2011				Page    29

Parsing device file: 'C:/Cadence/SPB_16.3/share/pcb/pcb_lib_Orcad/symbols/BCON156T/blkcon156vhtm1sqsw1569.txt'.


(DEVICE DESCRIPTION FILE: BLKCON156VHTM1SQSW1569)
PACKAGE BLKCON156VHTM1SQSW1569
PACKAGEPROP HEIGHT '1.0000000'
CLASS IC
PINCOUNT 9
END
Thu May 05 20:27:14 2011				Page    30

Parsing device file: 'C:/Cadence/SPB_16.3/share/pcb/pcb_lib_Orcad/symbols/BCON156T/blkcon156vhtm1sqsw3129.txt'.


(DEVICE DESCRIPTION FILE: BLKCON156VHTM1SQSW3129)
PACKAGE BLKCON156VHTM1SQSW3129
PACKAGEPROP HEIGHT '1.0000000'
CLASS IC
PINCOUNT 9
END
Thu May 05 20:27:14 2011				Page    31

Parsing device file: 'C:/Cadence/SPB_16.3/share/pcb/pcb_lib_Orcad/symbols/BCON156T/blkcon156rhtm1sqsw5459.txt'.


(DEVICE DESCRIPTION FILE: BLKCON156RHTM1SQSW5459)
PACKAGE BLKCON156RHTM1SQSW5459
PACKAGEPROP HEIGHT '1.0000000'
CLASS IC
PINCOUNT 9
END
Thu May 05 20:27:14 2011				Page    32

Parsing device file: 'C:/Cadence/SPB_16.3/share/pcb/pcb_lib_Orcad/symbols/BCON156T/blkcon156rhtm1sqsw5859.txt'.


(DEVICE DESCRIPTION FILE: BLKCON156RHTM1SQSW5859)
PACKAGE BLKCON156RHTM1SQSW5859
PACKAGEPROP HEIGHT '1.0000000'
CLASS IC
PINCOUNT 9
END
Thu May 05 20:27:14 2011				Page    33

Parsing device file: 'C:/Cadence/SPB_16.3/share/pcb/pcb_lib_Orcad/symbols/BCON156T/blkcon156vhtm1sqsw15610.txt'.


(DEVICE DESCRIPTION FILE: BLKCON156VHTM1SQSW15610)
PACKAGE BLKCON156VHTM1SQSW15610
PACKAGEPROP HEIGHT '1.0000000'
CLASS IC
PINCOUNT 10
END
Thu May 05 20:27:14 2011				Page    34

Parsing device file: 'C:/Cadence/SPB_16.3/share/pcb/pcb_lib_Orcad/symbols/BCON156T/blkcon156vhtm1sqsw31210.txt'.


(DEVICE DESCRIPTION FILE: BLKCON156VHTM1SQSW31210)
PACKAGE BLKCON156VHTM1SQSW31210
PACKAGEPROP HEIGHT '1.0000000'
CLASS IC
PINCOUNT 10
END
Thu May 05 20:27:14 2011				Page    35

Parsing device file: 'C:/Cadence/SPB_16.3/share/pcb/pcb_lib_Orcad/symbols/BCON156T/blkcon156rhtm1sqsw54510.txt'.


(DEVICE DESCRIPTION FILE: BLKCON156RHTM1SQSW54510)
PACKAGE BLKCON156RHTM1SQSW54510
PACKAGEPROP HEIGHT '1.0000000'
CLASS IC
PINCOUNT 10
END
Thu May 05 20:27:14 2011				Page    36

Parsing device file: 'C:/Cadence/SPB_16.3/share/pcb/pcb_lib_Orcad/symbols/BCON156T/blkcon156rhtm1sqsw58510.txt'.


(DEVICE DESCRIPTION FILE: BLKCON156RHTM1SQSW58510)
PACKAGE BLKCON156RHTM1SQSW58510
PACKAGEPROP HEIGHT '1.0000000'
CLASS IC
PINCOUNT 10
END
Thu May 05 20:27:14 2011				Page    37

Parsing device file: 'C:/Cadence/SPB_16.3/share/pcb/pcb_lib_Orcad/symbols/BCON156T/blkcon156vhtm1sqsw15611.txt'.


(DEVICE DESCRIPTION FILE: BLKCON156VHTM1SQSW15611)
PACKAGE BLKCON156VHTM1SQSW15611
PACKAGEPROP HEIGHT '1.0000000'
CLASS IC
PINCOUNT 11
END
Thu May 05 20:27:14 2011				Page    38

Parsing device file: 'C:/Cadence/SPB_16.3/share/pcb/pcb_lib_Orcad/symbols/BCON156T/blkcon156vhtm1sqsw31211.txt'.


(DEVICE DESCRIPTION FILE: BLKCON156VHTM1SQSW31211)
PACKAGE BLKCON156VHTM1SQSW31211
PACKAGEPROP HEIGHT '1.0000000'
CLASS IC
PINCOUNT 11
END
Thu May 05 20:27:14 2011				Page    39

Parsing device file: 'C:/Cadence/SPB_16.3/share/pcb/pcb_lib_Orcad/symbols/BCON156T/blkcon156rhtm1sqsw54511.txt'.


(DEVICE DESCRIPTION FILE: BLKCON156RHTM1SQSW54511)
PACKAGE BLKCON156RHTM1SQSW54511
PACKAGEPROP HEIGHT '1.0000000'
CLASS IC
PINCOUNT 11
END
Thu May 05 20:27:14 2011				Page    40

Parsing device file: 'C:/Cadence/SPB_16.3/share/pcb/pcb_lib_Orcad/symbols/BCON156T/blkcon156rhtm1sqsw58511.txt'.


(DEVICE DESCRIPTION FILE: BLKCON156RHTM1SQSW58511)
PACKAGE BLKCON156RHTM1SQSW58511
PACKAGEPROP HEIGHT '1.0000000'
CLASS IC
PINCOUNT 11
END
Thu May 05 20:27:14 2011				Page    41

Parsing device file: 'C:/Cadence/SPB_16.3/share/pcb/pcb_lib_Orcad/symbols/BCON156T/blkcon156vhtm1sqsw15612.txt'.


(DEVICE DESCRIPTION FILE: BLKCON156VHTM1SQSW15612)
PACKAGE BLKCON156VHTM1SQSW15612
PACKAGEPROP HEIGHT '1.0000000'
CLASS IC
PINCOUNT 12
END
Thu May 05 20:27:14 2011				Page    42

Parsing device file: 'C:/Cadence/SPB_16.3/share/pcb/pcb_lib_Orcad/symbols/BCON156T/blkcon156vhtm1sqsw31212.txt'.


(DEVICE DESCRIPTION FILE: BLKCON156VHTM1SQSW31212)
PACKAGE BLKCON156VHTM1SQSW31212
PACKAGEPROP HEIGHT '1.0000000'
CLASS IC
PINCOUNT 12
END
Thu May 05 20:27:14 2011				Page    43

Parsing device file: 'C:/Cadence/SPB_16.3/share/pcb/pcb_lib_Orcad/symbols/BCON156T/blkcon156rhtm1sqsw54512.txt'.


(DEVICE DESCRIPTION FILE: BLKCON156RHTM1SQSW54512)
PACKAGE BLKCON156RHTM1SQSW54512
PACKAGEPROP HEIGHT '1.0000000'
CLASS IC
PINCOUNT 12
END
Thu May 05 20:27:14 2011				Page    44

Parsing device file: 'C:/Cadence/SPB_16.3/share/pcb/pcb_lib_Orcad/symbols/BCON156T/blkcon156rhtm1sqsw58512.txt'.


(DEVICE DESCRIPTION FILE: BLKCON156RHTM1SQSW58512)
PACKAGE BLKCON156RHTM1SQSW58512
PACKAGEPROP HEIGHT '1.0000000'
CLASS IC
PINCOUNT 12
END
Thu May 05 20:27:14 2011				Page    45

Parsing device file: 'C:/Cadence/SPB_16.3/share/pcb/pcb_lib_Orcad/symbols/BCON156T/blkcon156vhtm1sqsw15613.txt'.


(DEVICE DESCRIPTION FILE: BLKCON156VHTM1SQSW15613)
PACKAGE BLKCON156VHTM1SQSW15613
PACKAGEPROP HEIGHT '1.0000000'
CLASS IC
PINCOUNT 13
END
Thu May 05 20:27:14 2011				Page    46

Parsing device file: 'C:/Cadence/SPB_16.3/share/pcb/pcb_lib_Orcad/symbols/BCON156T/blkcon156vhtm1sqsw31213.txt'.


(DEVICE DESCRIPTION FILE: BLKCON156VHTM1SQSW31213)
PACKAGE BLKCON156VHTM1SQSW31213
PACKAGEPROP HEIGHT '1.0000000'
CLASS IC
PINCOUNT 13
END
Thu May 05 20:27:14 2011				Page    47

Parsing device file: 'C:/Cadence/SPB_16.3/share/pcb/pcb_lib_Orcad/symbols/BCON156T/blkcon156rhtm1sqsw54513.txt'.


(DEVICE DESCRIPTION FILE: BLKCON156RHTM1SQSW54513)
PACKAGE BLKCON156RHTM1SQSW54513
PACKAGEPROP HEIGHT '1.0000000'
CLASS IC
PINCOUNT 13
END
Thu May 05 20:27:14 2011				Page    48

Parsing device file: 'C:/Cadence/SPB_16.3/share/pcb/pcb_lib_Orcad/symbols/BCON156T/blkcon156rhtm1sqsw58513.txt'.


(DEVICE DESCRIPTION FILE: BLKCON156RHTM1SQSW58513)
PACKAGE BLKCON156RHTM1SQSW58513
PACKAGEPROP HEIGHT '1.0000000'
CLASS IC
PINCOUNT 13
END
Thu May 05 20:27:14 2011				Page    49

Parsing device file: 'C:/Cadence/SPB_16.3/share/pcb/pcb_lib_Orcad/symbols/BCON156T/blkcon156vhtm1sqsw15614.txt'.


(DEVICE DESCRIPTION FILE: BLKCON156VHTM1SQSW15614)
PACKAGE BLKCON156VHTM1SQSW15614
PACKAGEPROP HEIGHT '1.0000000'
CLASS IC
PINCOUNT 14
END
Thu May 05 20:27:14 2011				Page    50

Parsing device file: 'C:/Cadence/SPB_16.3/share/pcb/pcb_lib_Orcad/symbols/BCON156T/blkcon156vhtm1sqsw31214.txt'.


(DEVICE DESCRIPTION FILE: BLKCON156VHTM1SQSW31214)
PACKAGE BLKCON156VHTM1SQSW31214
PACKAGEPROP HEIGHT '1.0000000'
CLASS IC
PINCOUNT 14
END
Thu May 05 20:27:14 2011				Page    51

Parsing device file: 'C:/Cadence/SPB_16.3/share/pcb/pcb_lib_Orcad/symbols/BCON156T/blkcon156rhtm1sqsw54514.txt'.


(DEVICE DESCRIPTION FILE: BLKCON156RHTM1SQSW54514)
PACKAGE BLKCON156RHTM1SQSW54514
PACKAGEPROP HEIGHT '1.0000000'
CLASS IC
PINCOUNT 14
END
Thu May 05 20:27:14 2011				Page    52

Parsing device file: 'C:/Cadence/SPB_16.3/share/pcb/pcb_lib_Orcad/symbols/BCON156T/blkcon156rhtm1sqsw58514.txt'.


(DEVICE DESCRIPTION FILE: BLKCON156RHTM1SQSW58514)
PACKAGE BLKCON156RHTM1SQSW58514
PACKAGEPROP HEIGHT '1.0000000'
CLASS IC
PINCOUNT 14
END
Thu May 05 20:27:14 2011				Page    53

Parsing device file: 'C:/Cadence/SPB_16.3/share/pcb/pcb_lib_Orcad/symbols/BCON156T/blkcon156vhtm1sqsw15615.txt'.


(DEVICE DESCRIPTION FILE: BLKCON156VHTM1SQSW15615)
PACKAGE BLKCON156VHTM1SQSW15615
PACKAGEPROP HEIGHT '1.0000000'
CLASS IC
PINCOUNT 15
END
Thu May 05 20:27:14 2011				Page    54

Parsing device file: 'C:/Cadence/SPB_16.3/share/pcb/pcb_lib_Orcad/symbols/BCON156T/blkcon156vhtm1sqsw31215.txt'.


(DEVICE DESCRIPTION FILE: BLKCON156VHTM1SQSW31215)
PACKAGE BLKCON156VHTM1SQSW31215
PACKAGEPROP HEIGHT '1.0000000'
CLASS IC
PINCOUNT 15
END
Thu May 05 20:27:14 2011				Page    55

Parsing device file: 'C:/Cadence/SPB_16.3/share/pcb/pcb_lib_Orcad/symbols/BCON156T/blkcon156rhtm1sqsw54515.txt'.


(DEVICE DESCRIPTION FILE: BLKCON156RHTM1SQSW54515)
PACKAGE BLKCON156RHTM1SQSW54515
PACKAGEPROP HEIGHT '1.0000000'
CLASS IC
PINCOUNT 15
END
Thu May 05 20:27:14 2011				Page    56

Parsing device file: 'C:/Cadence/SPB_16.3/share/pcb/pcb_lib_Orcad/symbols/BCON156T/blkcon156rhtm1sqsw58515.txt'.


(DEVICE DESCRIPTION FILE: BLKCON156RHTM1SQSW58515)
PACKAGE BLKCON156RHTM1SQSW58515
PACKAGEPROP HEIGHT '1.0000000'
CLASS IC
PINCOUNT 15
END
Thu May 05 20:27:14 2011				Page    57

Parsing device file: 'C:/Cadence/SPB_16.3/share/pcb/pcb_lib_Orcad/symbols/BCON156T/blkcon156vhtm1sqsw15616.txt'.


(DEVICE DESCRIPTION FILE: BLKCON156VHTM1SQSW15616)
PACKAGE BLKCON156VHTM1SQSW15616
PACKAGEPROP HEIGHT '1.0000000'
CLASS IC
PINCOUNT 16
END
Thu May 05 20:27:14 2011				Page    58

Parsing device file: 'C:/Cadence/SPB_16.3/share/pcb/pcb_lib_Orcad/symbols/BCON156T/blkcon156vhtm1sqsw31216.txt'.


(DEVICE DESCRIPTION FILE: BLKCON156VHTM1SQSW31216)
PACKAGE BLKCON156VHTM1SQSW31216
PACKAGEPROP HEIGHT '1.0000000'
CLASS IC
PINCOUNT 16
END
Thu May 05 20:27:14 2011				Page    59

Parsing device file: 'C:/Cadence/SPB_16.3/share/pcb/pcb_lib_Orcad/symbols/BCON156T/blkcon156rhtm1sqsw54516.txt'.


(DEVICE DESCRIPTION FILE: BLKCON156RHTM1SQSW54516)
PACKAGE BLKCON156RHTM1SQSW54516
PACKAGEPROP HEIGHT '1.0000000'
CLASS IC
PINCOUNT 16
END
Thu May 05 20:27:14 2011				Page    60

Parsing device file: 'C:/Cadence/SPB_16.3/share/pcb/pcb_lib_Orcad/symbols/BCON156T/blkcon156rhtm1sqsw58516.txt'.


(DEVICE DESCRIPTION FILE: BLKCON156RHTM1SQSW58516)
PACKAGE BLKCON156RHTM1SQSW58516
PACKAGEPROP HEIGHT '1.0000000'
CLASS IC
PINCOUNT 16
END
Thu May 05 20:27:14 2011				Page    61

Parsing device file: 'C:/Cadence/SPB_16.3/share/pcb/pcb_lib_Orcad/symbols/BCON156T/blkcon156vhtm1sqsw15617.txt'.


(DEVICE DESCRIPTION FILE: BLKCON156VHTM1SQSW15617)
PACKAGE BLKCON156VHTM1SQSW15617
PACKAGEPROP HEIGHT '1.0000000'
CLASS IC
PINCOUNT 17
END
Thu May 05 20:27:14 2011				Page    62

Parsing device file: 'C:/Cadence/SPB_16.3/share/pcb/pcb_lib_Orcad/symbols/BCON156T/blkcon156vhtm1sqsw31217.txt'.


(DEVICE DESCRIPTION FILE: BLKCON156VHTM1SQSW31217)
PACKAGE BLKCON156VHTM1SQSW31217
PACKAGEPROP HEIGHT '1.0000000'
CLASS IC
PINCOUNT 17
END
Thu May 05 20:27:14 2011				Page    63

Parsing device file: 'C:/Cadence/SPB_16.3/share/pcb/pcb_lib_Orcad/symbols/BCON156T/blkcon156rhtm1sqsw54517.txt'.


(DEVICE DESCRIPTION FILE: BLKCON156RHTM1SQSW54517)
PACKAGE BLKCON156RHTM1SQSW54517
PACKAGEPROP HEIGHT '1.0000000'
CLASS IC
PINCOUNT 17
END
Thu May 05 20:27:14 2011				Page    64

Parsing device file: 'C:/Cadence/SPB_16.3/share/pcb/pcb_lib_Orcad/symbols/BCON156T/blkcon156rhtm1sqsw58517.txt'.


(DEVICE DESCRIPTION FILE: BLKCON156RHTM1SQSW58517)
PACKAGE BLKCON156RHTM1SQSW58517
PACKAGEPROP HEIGHT '1.0000000'
CLASS IC
PINCOUNT 17
END
Thu May 05 20:27:14 2011				Page    65

Parsing device file: 'C:/Cadence/SPB_16.3/share/pcb/pcb_lib_Orcad/symbols/BCON156T/blkcon156vhtm1sqsw15618.txt'.


(DEVICE DESCRIPTION FILE: BLKCON156VHTM1SQSW15618)
PACKAGE BLKCON156VHTM1SQSW15618
PACKAGEPROP HEIGHT '1.0000000'
CLASS IC
PINCOUNT 18
END
Thu May 05 20:27:14 2011				Page    66

Parsing device file: 'C:/Cadence/SPB_16.3/share/pcb/pcb_lib_Orcad/symbols/BCON156T/blkcon156vhtm1sqsw31218.txt'.


(DEVICE DESCRIPTION FILE: BLKCON156VHTM1SQSW31218)
PACKAGE BLKCON156VHTM1SQSW31218
PACKAGEPROP HEIGHT '1.0000000'
CLASS IC
PINCOUNT 18
END
Thu May 05 20:27:14 2011				Page    67

Parsing device file: 'C:/Cadence/SPB_16.3/share/pcb/pcb_lib_Orcad/symbols/BCON156T/blkcon156rhtm1sqsw54518.txt'.


(DEVICE DESCRIPTION FILE: BLKCON156RHTM1SQSW54518)
PACKAGE BLKCON156RHTM1SQSW54518
PACKAGEPROP HEIGHT '1.0000000'
CLASS IC
PINCOUNT 18
END
Thu May 05 20:27:14 2011				Page    68

Parsing device file: 'C:/Cadence/SPB_16.3/share/pcb/pcb_lib_Orcad/symbols/BCON156T/blkcon156rhtm1sqsw58518.txt'.


(DEVICE DESCRIPTION FILE: BLKCON156RHTM1SQSW58518)
PACKAGE BLKCON156RHTM1SQSW58518
PACKAGEPROP HEIGHT '1.0000000'
CLASS IC
PINCOUNT 18
END
Thu May 05 20:27:14 2011				Page    69

Parsing device file: 'C:/Cadence/SPB_16.3/share/pcb/pcb_lib_Orcad/symbols/BCON156T/blkcon156vhtm1sqsw15619.txt'.


(DEVICE DESCRIPTION FILE: BLKCON156VHTM1SQSW15619)
PACKAGE BLKCON156VHTM1SQSW15619
PACKAGEPROP HEIGHT '1.0000000'
CLASS IC
PINCOUNT 19
END
Thu May 05 20:27:14 2011				Page    70

Parsing device file: 'C:/Cadence/SPB_16.3/share/pcb/pcb_lib_Orcad/symbols/BCON156T/blkcon156vhtm1sqsw31219.txt'.


(DEVICE DESCRIPTION FILE: BLKCON156VHTM1SQSW31219)
PACKAGE BLKCON156VHTM1SQSW31219
PACKAGEPROP HEIGHT '1.0000000'
CLASS IC
PINCOUNT 19
END
Thu May 05 20:27:14 2011				Page    71

Parsing device file: 'C:/Cadence/SPB_16.3/share/pcb/pcb_lib_Orcad/symbols/BCON156T/blkcon156rhtm1sqsw54519.txt'.


(DEVICE DESCRIPTION FILE: BLKCON156RHTM1SQSW54519)
PACKAGE BLKCON156RHTM1SQSW54519
PACKAGEPROP HEIGHT '1.0000000'
CLASS IC
PINCOUNT 19
END
Thu May 05 20:27:14 2011				Page    72

Parsing device file: 'C:/Cadence/SPB_16.3/share/pcb/pcb_lib_Orcad/symbols/BCON156T/blkcon156rhtm1sqsw58519.txt'.


(DEVICE DESCRIPTION FILE: BLKCON156RHTM1SQSW58519)
PACKAGE BLKCON156RHTM1SQSW58519
PACKAGEPROP HEIGHT '1.0000000'
CLASS IC
PINCOUNT 19
END
Thu May 05 20:27:14 2011				Page    73

Parsing device file: 'C:/Cadence/SPB_16.3/share/pcb/pcb_lib_Orcad/symbols/BCON156T/blkcon156vhtm1sqsw15620.txt'.


(DEVICE DESCRIPTION FILE: BLKCON156VHTM1SQSW15620)
PACKAGE BLKCON156VHTM1SQSW15620
PACKAGEPROP HEIGHT '1.0000000'
CLASS IC
PINCOUNT 20
END
Thu May 05 20:27:14 2011				Page    74

Parsing device file: 'C:/Cadence/SPB_16.3/share/pcb/pcb_lib_Orcad/symbols/BCON156T/blkcon156vhtm1sqsw31220.txt'.


(DEVICE DESCRIPTION FILE: BLKCON156VHTM1SQSW31220)
PACKAGE BLKCON156VHTM1SQSW31220
PACKAGEPROP HEIGHT '1.0000000'
CLASS IC
PINCOUNT 20
END
Thu May 05 20:27:14 2011				Page    75

Parsing device file: 'C:/Cadence/SPB_16.3/share/pcb/pcb_lib_Orcad/symbols/BCON156T/blkcon156rhtm1sqsw54520.txt'.


(DEVICE DESCRIPTION FILE: BLKCON156RHTM1SQSW54520)
PACKAGE BLKCON156RHTM1SQSW54520
PACKAGEPROP HEIGHT '1.0000000'
CLASS IC
PINCOUNT 20
END
Thu May 05 20:27:14 2011				Page    76

Parsing device file: 'C:/Cadence/SPB_16.3/share/pcb/pcb_lib_Orcad/symbols/BCON156T/blkcon156rhtm1sqsw58520.txt'.


(DEVICE DESCRIPTION FILE: BLKCON156RHTM1SQSW58520)
PACKAGE BLKCON156RHTM1SQSW58520
PACKAGEPROP HEIGHT '1.0000000'
CLASS IC
PINCOUNT 20
END
Thu May 05 20:27:14 2011				Page    77

Parsing device file: 'C:/Cadence/SPB_16.3/share/pcb/pcb_lib_Orcad/symbols/BCON156T/blkcon156vhtm1sqsw15621.txt'.


(DEVICE DESCRIPTION FILE: BLKCON156VHTM1SQSW15621)
PACKAGE BLKCON156VHTM1SQSW15621
PACKAGEPROP HEIGHT '1.0000000'
CLASS IC
PINCOUNT 21
END
Thu May 05 20:27:14 2011				Page    78

Parsing device file: 'C:/Cadence/SPB_16.3/share/pcb/pcb_lib_Orcad/symbols/BCON156T/blkcon156vhtm1sqsw31221.txt'.


(DEVICE DESCRIPTION FILE: BLKCON156VHTM1SQSW31221)
PACKAGE BLKCON156VHTM1SQSW31221
PACKAGEPROP HEIGHT '1.0000000'
CLASS IC
PINCOUNT 21
END
Thu May 05 20:27:14 2011				Page    79

Parsing device file: 'C:/Cadence/SPB_16.3/share/pcb/pcb_lib_Orcad/symbols/BCON156T/blkcon156rhtm1sqsw54521.txt'.


(DEVICE DESCRIPTION FILE: BLKCON156RHTM1SQSW54521)
PACKAGE BLKCON156RHTM1SQSW54521
PACKAGEPROP HEIGHT '1.0000000'
CLASS IC
PINCOUNT 21
END
Thu May 05 20:27:14 2011				Page    80

Parsing device file: 'C:/Cadence/SPB_16.3/share/pcb/pcb_lib_Orcad/symbols/BCON156T/blkcon156rhtm1sqsw58521.txt'.


(DEVICE DESCRIPTION FILE: BLKCON156RHTM1SQSW58521)
PACKAGE BLKCON156RHTM1SQSW58521
PACKAGEPROP HEIGHT '1.0000000'
CLASS IC
PINCOUNT 21
END
Thu May 05 20:27:14 2011				Page    81

Parsing device file: 'C:/Cadence/SPB_16.3/share/pcb/pcb_lib_Orcad/symbols/BCON156T/blkcon156vhtm1sqsw15622.txt'.


(DEVICE DESCRIPTION FILE: BLKCON156VHTM1SQSW15622)
PACKAGE BLKCON156VHTM1SQSW15622
PACKAGEPROP HEIGHT '1.0000000'
CLASS IC
PINCOUNT 22
END
Thu May 05 20:27:14 2011				Page    82

Parsing device file: 'C:/Cadence/SPB_16.3/share/pcb/pcb_lib_Orcad/symbols/BCON156T/blkcon156vhtm1sqsw31222.txt'.


(DEVICE DESCRIPTION FILE: BLKCON156VHTM1SQSW31222)
PACKAGE BLKCON156VHTM1SQSW31222
PACKAGEPROP HEIGHT '1.0000000'
CLASS IC
PINCOUNT 22
END
Thu May 05 20:27:14 2011				Page    83

Parsing device file: 'C:/Cadence/SPB_16.3/share/pcb/pcb_lib_Orcad/symbols/BCON156T/blkcon156rhtm1sqsw54522.txt'.


(DEVICE DESCRIPTION FILE: BLKCON156RHTM1SQSW54522)
PACKAGE BLKCON156RHTM1SQSW54522
PACKAGEPROP HEIGHT '1.0000000'
CLASS IC
PINCOUNT 22
END
Thu May 05 20:27:14 2011				Page    84

Parsing device file: 'C:/Cadence/SPB_16.3/share/pcb/pcb_lib_Orcad/symbols/BCON156T/blkcon156rhtm1sqsw58522.txt'.


(DEVICE DESCRIPTION FILE: BLKCON156RHTM1SQSW58522)
PACKAGE BLKCON156RHTM1SQSW58522
PACKAGEPROP HEIGHT '1.0000000'
CLASS IC
PINCOUNT 22
END
Thu May 05 20:27:14 2011				Page    85

Parsing device file: 'C:/Cadence/SPB_16.3/share/pcb/pcb_lib_Orcad/symbols/BCON156T/blkcon156vhtm1sqsw15623.txt'.


(DEVICE DESCRIPTION FILE: BLKCON156VHTM1SQSW15623)
PACKAGE BLKCON156VHTM1SQSW15623
PACKAGEPROP HEIGHT '1.0000000'
CLASS IC
PINCOUNT 23
END
Thu May 05 20:27:14 2011				Page    86

Parsing device file: 'C:/Cadence/SPB_16.3/share/pcb/pcb_lib_Orcad/symbols/BCON156T/blkcon156vhtm1sqsw31223.txt'.


(DEVICE DESCRIPTION FILE: BLKCON156VHTM1SQSW31223)
PACKAGE BLKCON156VHTM1SQSW31223
PACKAGEPROP HEIGHT '1.0000000'
CLASS IC
PINCOUNT 23
END
Thu May 05 20:27:14 2011				Page    87

Parsing device file: 'C:/Cadence/SPB_16.3/share/pcb/pcb_lib_Orcad/symbols/BCON156T/blkcon156rhtm1sqsw54523.txt'.


(DEVICE DESCRIPTION FILE: BLKCON156RHTM1SQSW54523)
PACKAGE BLKCON156RHTM1SQSW54523
PACKAGEPROP HEIGHT '1.0000000'
CLASS IC
PINCOUNT 23
END
Thu May 05 20:27:14 2011				Page    88

Parsing device file: 'C:/Cadence/SPB_16.3/share/pcb/pcb_lib_Orcad/symbols/BCON156T/blkcon156rhtm1sqsw58523.txt'.


(DEVICE DESCRIPTION FILE: BLKCON156RHTM1SQSW58523)
PACKAGE BLKCON156RHTM1SQSW58523
PACKAGEPROP HEIGHT '1.0000000'
CLASS IC
PINCOUNT 23
END
Thu May 05 20:27:14 2011				Page    89

Parsing device file: 'C:/Cadence/SPB_16.3/share/pcb/pcb_lib_Orcad/symbols/BCON156T/blkcon156vhtm1sqsw15624.txt'.


(DEVICE DESCRIPTION FILE: BLKCON156VHTM1SQSW15624)
PACKAGE BLKCON156VHTM1SQSW15624
PACKAGEPROP HEIGHT '1.0000000'
CLASS IC
PINCOUNT 24
END
Thu May 05 20:27:14 2011				Page    90

Parsing device file: 'C:/Cadence/SPB_16.3/share/pcb/pcb_lib_Orcad/symbols/BCON156T/blkcon156vhtm1sqsw31224.txt'.


(DEVICE DESCRIPTION FILE: BLKCON156VHTM1SQSW31224)
PACKAGE BLKCON156VHTM1SQSW31224
PACKAGEPROP HEIGHT '1.0000000'
CLASS IC
PINCOUNT 24
END
Thu May 05 20:27:14 2011				Page    91

Parsing device file: 'C:/Cadence/SPB_16.3/share/pcb/pcb_lib_Orcad/symbols/BCON156T/blkcon156rhtm1sqsw54524.txt'.


(DEVICE DESCRIPTION FILE: BLKCON156RHTM1SQSW54524)
PACKAGE BLKCON156RHTM1SQSW54524
PACKAGEPROP HEIGHT '1.0000000'
CLASS IC
PINCOUNT 24
END
Thu May 05 20:27:14 2011				Page    92

Parsing device file: 'C:/Cadence/SPB_16.3/share/pcb/pcb_lib_Orcad/symbols/BCON156T/blkcon156rhtm1sqsw58524.txt'.


(DEVICE DESCRIPTION FILE: BLKCON156RHTM1SQSW58524)
PACKAGE BLKCON156RHTM1SQSW58524
PACKAGEPROP HEIGHT '1.0000000'
CLASS IC
PINCOUNT 24
END
Thu May 05 20:27:14 2011				Page    93

Parsing device file: 'C:/Cadence/SPB_16.3/share/pcb/pcb_lib_Orcad/symbols/BCON156T/blkcon156vhtm1sqsw156help.txt'.


(DEVICE DESCRIPTION FILE: BLKCON156VHTM1SQSW156HELP)
PACKAGE BLKCON156VHTM1SQSW156HELP
PACKAGEPROP HEIGHT '1.0000000'
CLASS IC
PINCOUNT 24
END
Thu May 05 20:27:14 2011				Page    94

Parsing device file: 'C:/Cadence/SPB_16.3/share/pcb/pcb_lib_Orcad/symbols/BCON156T/blkcon156vhtm1sqsw312help.txt'.


(DEVICE DESCRIPTION FILE: BLKCON156VHTM1SQSW312HELP)
PACKAGE BLKCON156VHTM1SQSW312HELP
PACKAGEPROP HEIGHT '1.0000000'
CLASS IC
PINCOUNT 24
END
Thu May 05 20:27:14 2011				Page    95

Parsing device file: 'C:/Cadence/SPB_16.3/share/pcb/pcb_lib_Orcad/symbols/BCON156T/blkcon156rhtm1sqsw585help.txt'.


(DEVICE DESCRIPTION FILE: BLKCON156RHTM1SQSW585HELP)
PACKAGE BLKCON156RHTM1SQSW585HELP
PACKAGEPROP HEIGHT '1.0000000'
CLASS IC
PINCOUNT 24
END

Thu May 05 20:27:14 2011				Page     5





===========================================================

Total Device File Warnings =  0.
Total Device File Errors   =  0.

===========================================================

Total Combined Netlist and Device File Warnings =  0.
Total Combined Netlist and Device File Errors   =  0.

===========================================================
End of Allegro NETLIST IN Log
===========================================================
