(---------------------------------------------------------------------)
(                                                                     )
(    QUICKPLACE LOG                                                   )
(                                                                     )
(    Drawing          : LinkingInterface.brd                          )
(    Software Version : 16.5P003                                      )
(    Date/Time        : Mon Apr 06 16:55:17 2015                      )
(                                                                     )
(---------------------------------------------------------------------)


State: Placing on layer TOP

         Placed symbol:  U4 / 74HC157_4_74HC157_74HC157 / 74HC157 at (4740.2 4300.1)
         Placed symbol:  U3 / 74HC08_3_74HC0_74HC08 / 74HC0 at (5132.1 4300.1)
         Placed symbol:  U2 / 74HC04_4_74HC0_74HC04 / 74HC0 at (5474.8 4300.1)
         Placed symbol:  P1 / CONNECTOR DB9_DB9_SYM_CONNECTOR / DB9_SYM at (6183.6 4355.1)
         Placed symbol:  U1 / TL062_2_TL082_TL072 / TL082 at (7038.5 4305.0)
ERROR:   Cannot place symbol:  U5 / LM2936/SO_1_LM_2936_LM2936/SOIC / LM_2936
         due to ERROR(SPMHGE-82): Pin numbers do not match between symbol and component. Run dev_check on device file for more information.
         Placed symbol:  R3 / POT_P60-20748_10K / P60-20748 at (7477.7 4494.9)
         Placed symbol:  J1 / PHONE JACK-3_2_35MMJACK_TX_ECHO / 35MMJACK at (8605.8 4536.2)
         Placed symbol:  J2 / PHONE JACK-3_2_35MMJACK_RX_ECHO / 35MMJACK at (5309.1 4918.2)
         Placed symbol:  J3 / PHONE JACK-3_2_35MMJACK_TX_ALLS / 35MMJACK at (5996.3 4918.2)
         Placed symbol:  Q1 / 2N4401_2N4401_2N4401 / 2N4401 at (6210.1 4677.7)
         Placed symbol:  P2 / PHONE JACK-3_1_PJ102AH_PJ102AH / PJ102AH at (6427.6 5168.2)
         Placed symbol:  R8 / POT_P60-20748_10K / P60-20748 at (6817.4 4876.9)
         Placed symbol:  J4 / PHONE JACK-3_2_35MMJACK_RX_ALLS / 35MMJACK at (7945.5 4918.2)
         Placed symbol:  R6 / POT_P60-20748_10K / P60-20748 at (8181.9 4876.9)
         Placed symbol:  Q2 / 2N4401_2N4401_2N4401 / 2N4401 at (4835.7 5260.4)
         Placed symbol:  J5 / PHONE JACK-3_2_35MMJACK_RX_DTMF / 35MMJACK at (5464.6 5500.9)
         Placed symbol:  C9 / CAP POL_SMR0805_47UF / SMR0805 at (5604.2 5275.7)
         Placed symbol:  C3 / CAPACITOR POL_SMR0805_1UF / SMR0805 at (5778.2 5275.7)
         Placed symbol:  D2 / 1N4148_SMD_0805_21_D1N4148 / SMD_0805_21 at (6041.7 5289.7)
         Placed symbol:  D1 / 1N4148_SMD_0805_21_D1N4148 / SMD_0805_21 at (6222.2 5289.7)
         Placed symbol:  C5 / CAP POL_SMR0805_4.7UF / SMR0805 at (6313.2 5275.7)
         Placed symbol:  C18 / CAP POL_SMR0805_4.7UF / SMR0805 at (6487.2 5275.7)
         Placed symbol:  C16 / CAPACITOR POL_SMR0805_10UF / SMR0805 at (6661.2 5275.7)
         Placed symbol:  C13 / CAPACITOR POL_SMR0805_10UF / SMR0805 at (6835.2 5275.7)
         Placed symbol:  J6 / 2PIN HEADER_BCON_2X1V_100S_1SQ_ / BCON_2X1V_100S_1SQ_42D at (7022.2 5289.2)
         Placed symbol:  J7 / 2PIN HEADER_BCON_2X1V_100S_1SQ_ / BCON_2X1V_100S_1SQ_42D at (7238.2 5289.2)
         Placed symbol:  J8 / 2PIN HEADER_BCON_2X1V_100S_1SQ_ / BCON_2X1V_100S_1SQ_42D at (7454.2 5289.2)
         Placed symbol:  C6 / CAP POL_SMR0805_10UF / SMR0805 at (7657.2 5275.7)
         Placed symbol:  C14 / CAP POL_SMR0805_10UF / SMR0805 at (7831.2 5275.7)
         Placed symbol:  L2 / CHOKE_SMR0805_FBEAD / SMR0805 at (8005.2 5275.7)
         Placed symbol:  L3 / CHOKE_SMR0805_FBEAD / SMR0805 at (8179.2 5275.7)
         Placed symbol:  C4 / CAP POL_SMR0805_10UF / SMR0805 at (8353.2 5275.7)
         Placed symbol:  C2 / CAP POL_SMR0805_10UF / SMR0805 at (8527.2 5275.7)
         Placed symbol:  C15 / CAP POL_SMR0805_10UF / SMR0805 at (4761.5 5602.5)
         Placed symbol:  J9 / 2PIN HEADER_BCON_2X1V_100S_1SQ_ / BCON_2X1V_100S_1SQ_42D at (4948.5 5616.0)
         Placed symbol:  R1 / RESISTOR_SMR0805_51K / SMR0805 at (5151.5 5602.5)
         Placed symbol:  R10 / RESISTOR_SMR0805_51K / SMR0805 at (5325.5 5602.5)
         Placed symbol:  R13 / RESISTOR_SMR0805_51K / SMR0805 at (5499.5 5602.5)
         Placed symbol:  R15 / RESISTOR_SMR0805_51K / SMR0805 at (5673.5 5602.5)
         Placed symbol:  R16 / RESISTOR_SMR0805_51K / SMR0805 at (5847.5 5602.5)
         Placed symbol:  R18 / RESISTOR_SMR0805_51K / SMR0805 at (6021.5 5602.5)
         Placed symbol:  R4 / RESISTOR_SMR0805_51K / SMR0805 at (6195.5 5602.5)
         Placed symbol:  R11 / RESISTOR_SMR0805_0 / SMR0805 at (6369.5 5602.5)
         Placed symbol:  R12 / RESISTOR_SMR0805_10K / SMR0805 at (6543.5 5602.5)
         Placed symbol:  R14 / RESISTOR_SMR0805_10K / SMR0805 at (6717.5 5602.5)
         Placed symbol:  R17 / RESISTOR_SMR0805_10K / SMR0805 at (6891.5 5602.5)
         Placed symbol:  R19 / RESISTOR_SMR0805_10K / SMR0805 at (7065.5 5602.5)
         Placed symbol:  R2 / RESISTOR_SMR0805_22K / SMR0805 at (7239.5 5602.5)
         Placed symbol:  R5 / RESISTOR_SMR0805_22K / SMR0805 at (7413.5 5602.5)
         Placed symbol:  C8 / C NP_SMR0805_100NF / SMR0805 at (7587.5 5602.5)
         Placed symbol:  C11 / CAPACITOR POL_SMR0805_100PF / SMR0805 at (7761.5 5602.5)
         Placed symbol:  C7 / C NP_SMR0805_100NF / SMR0805 at (7935.5 5602.5)
         Placed symbol:  R7 / RESISTOR_SMR0805_7.5K / SMR0805 at (8109.5 5602.5)
         Placed symbol:  C17 / C NP_SMR0805_100NF / SMR0805 at (8283.5 5602.5)
         Placed symbol:  C12 / C NP_SMR0805_100NF / SMR0805 at (8457.5 5602.5)
         Placed symbol:  C10 / C NP_SMR0805_100NF / SMR0805 at (4761.5 5718.5)
         Placed symbol:  L1 / CHOKE_SMR0805_FBEAD / SMR0805 at (4935.5 5718.5)
         Placed symbol:  C1 / C NP_SMR0805_100NF / SMR0805 at (5109.5 5718.5)


Placed 58 of 59 applicable (59 total) symbols.

-----------------------------------------------------------------------

