(---------------------------------------------------------------------)
(                                                                     )
(    Allegro Netrev Import Logic                                      )
(                                                                     )
(    Drawing          : LinkingInterfaceV1.3.brd                      )
(    Software Version : 16.5P002                                      )
(    Date/Time        : Thu Apr 16 15:31:24 2015                      )
(                                                                     )
(---------------------------------------------------------------------)


------ Directives ------

RIPUP_ETCH FALSE;
RIPUP_DELETE_FIRST_SEGMENT FALSE;
RIPUP_RETAIN_BONDWIRE FALSE;
RIPUP_SYMBOLS ALWAYS;
Missing symbol has error FALSE;
SCHEMATIC_DIRECTORY 'G:/Users/Owner/Dropbox/Dropbox/SeniorDesign/Designs/linkinginterface/linkinginterface/linkinginterface/linkinginterface/pcb';
BOARD_DIRECTORY '';
OLD_BOARD_NAME 'G:/Users/Owner/Dropbox/Dropbox/SeniorDesign/Designs/linkinginterface/linkinginterface/linkinginterface/linkinginterface/pcb/LinkingInterfaceV1.3.brd';
NEW_BOARD_NAME 'G:/Users/Owner/Dropbox/Dropbox/SeniorDesign/Designs/linkinginterface/linkinginterface/linkinginterface/linkinginterface/pcb/LinkingInterfaceV1.3.brd';

CmdLine: netrev -$ -i G:/Users/Owner/Dropbox/Dropbox/SeniorDesign/Designs/linkinginterface/linkinginterface/linkinginterface/linkinginterface/pcb -y 1 G:/Users/Owner/Dropbox/Dropbox/SeniorDesign/Designs/linkinginterface/linkinginterface/linkinginterface/linkinginterface/pcb/#Taaaaaa27084.tmp

------ Preparing to read pst files ------

Starting to read G:/Users/Owner/Dropbox/Dropbox/SeniorDesign/Designs/linkinginterface/linkinginterface/linkinginterface/linkinginterface/pcb/pstchip.dat 
   Finished reading G:/Users/Owner/Dropbox/Dropbox/SeniorDesign/Designs/linkinginterface/linkinginterface/linkinginterface/linkinginterface/pcb/pstchip.dat (00:00:00.03)
Starting to read G:/Users/Owner/Dropbox/Dropbox/SeniorDesign/Designs/linkinginterface/linkinginterface/linkinginterface/linkinginterface/pcb/pstxprt.dat 
   Finished reading G:/Users/Owner/Dropbox/Dropbox/SeniorDesign/Designs/linkinginterface/linkinginterface/linkinginterface/linkinginterface/pcb/pstxprt.dat (00:00:00.00)
Starting to read G:/Users/Owner/Dropbox/Dropbox/SeniorDesign/Designs/linkinginterface/linkinginterface/linkinginterface/linkinginterface/pcb/pstxnet.dat 
   Finished reading G:/Users/Owner/Dropbox/Dropbox/SeniorDesign/Designs/linkinginterface/linkinginterface/linkinginterface/linkinginterface/pcb/pstxnet.dat (00:00:00.00)

------ Oversights/Warnings/Errors ------


------ Library Paths ------
MODULEPATH =  . 
           C:/Cadence/SPB_16.5/share/local/pcb/modules 
           G:\Users\Owner\Dropbox\Dropbox\SeniorDesign\Designs\linkinginterface\linkinginterface\lib\modules\ 

PSMPATH =  . 
           symbols 
           .. 
           ../symbols 
           C:/Cadence/SPB_16.5/share/local/pcb/symbols 
           C:/Cadence/SPB_16.5/share/pcb/pcb_lib/symbols 
           C:/Cadence/SPB_16.5/share/pcb/allegrolib/symbols 
           G:\Users\Owner\Dropbox\Dropbox\SeniorDesign\Designs\linkinginterface\linkinginterface\linkinginterface\lib\symbols\ 
           G:\USERS\OWNER\DROPBOX\DROPBOX\SENIORDESIGN\DESIGNS\LinkingInterface New (1)\LinkingInterface New\linkinginterface\lib\symbols\ 
           C:\Users\Owner\Desktop\EE174 FINAL PROJECT\Lib\symbols\ 
           G:\Users\Owner\Dropbox\Dropbox\SeniorDesign\Designs\linkinginterface\linkinginterface\linkinginterface\lib\symbols\SM\ 

PADPATH =  . 
           symbols 
           .. 
           ../symbols 
           C:/Cadence/SPB_16.5/share/local/pcb/padstacks 
           C:/Cadence/SPB_16.5/share/pcb/pcb_lib/symbols 
           C:/Cadence/SPB_16.5/share/pcb/allegrolib/symbols 
           G:\USERS\OWNER\DROPBOX\DROPBOX\SENIORDESIGN\DESIGNS\linkinginterface\linkinginterface\lib\padstacks\ 
           G:\Users\Owner\Dropbox\Dropbox\SeniorDesign\Designs\linkinginterface\linkinginterface\linkinginterface\lib\padstacks\ 


------ Summary Statistics ------


netrev run on Apr 16 15:31:24 2015
   DESIGN NAME : 'AUDIOLINKINGINTERFACE'
   PACKAGING ON Apr 21 2011 10:02:30

   COMPILE 'logic'
   CHECK_PIN_NAMES OFF
   CROSS_REFERENCE OFF
   FEEDBACK OFF
   INCREMENTAL OFF
   INTERFACE_TYPE PHYSICAL
   MAX_ERRORS 500
   MERGE_MINIMUM 5
   NET_NAME_CHARS '#%&()*+-./:=>?@[]^_`|'
   NET_NAME_LENGTH 24
   OVERSIGHTS ON
   REPLACE_CHECK OFF
   SINGLE_NODE_NETS ON
   SPLIT_MINIMUM 0
   SUPPRESS   20
   WARNINGS ON

 No error detected
 No oversight detected
 No warning detected

cpu time      0:00:31
elapsed time  0:00:00

