{ Using PSTWRITER 16.5.0 p001May-28-2015 at 13:08:35 }

#1 WARNING(ORCAP-36038): "No_connect" property on Pin "J16.2" ignored for J16: SCHEMATIC1, LinkingInterfaceV2 (19.40, 8.55). Connecting pin to net "COS_ALLSTAR".
#2 WARNING(ORCAP-36038): "No_connect" property on Pin "J16.3" ignored for J16: SCHEMATIC1, LinkingInterfaceV2 (19.40, 8.55). Connecting pin to net "N14545130".
#3 WARNING(ORCAP-36006): Part Name "C POL_EIAB_SMCT3528_12_22UF/TANT" is renamed to "C POL_EIAB_SMCT3528_12_22UF/TAN".
#4 WARNING(ORCAP-36006): Part Name "DIODE SCHOTTKY_0_DAX600_60D_SB1245" is renamed to "DIODE SCHOTTKY_0_DAX600_60D_SB1".
#5 WARNING(ORCAP-36006): Part Name "HEADER 3_BLKCON156VHTM1SQSW3123_HEADER 3" is renamed to "HEADER 3_BLKCON156VHTM1SQSW3123".
#6 WARNING(ORCAP-36006): Part Name "HEADER 2_4_BLKCON156_VHTM1SQ_SW156_2_0.156 VH" is renamed to "HEADER 2_4_BLKCON156_VHTM1SQ_SW".
#7 WARNING(ORCAP-36006): Part Name "HEADER 20X2_BLKCON100RHTM2OEW52540_HEADER 20X2" is renamed to "HEADER 20X2_BLKCON100RHTM2OEW52".
#8 WARNING(ORCAP-36006): Part Name "HEADER 16_BLKCON100VHTM1SQW10016_HEADER 16" is renamed to "HEADER 16_BLKCON100VHTM1SQW1001".
#9 WARNING(ORCAP-36006): Part Name "HEADER 9_BCON2DB9_5X2V_100S_42D_HEADER 9" is renamed to "HEADER 9_BCON2DB9_5X2V_100S_42D".
#10 WARNING(ORCAP-36006): Part Name "PHONE JACK-3_2_35MMJACK_TX_ALLSTAR" is renamed to "PHONE JACK-3_2_35MMJACK_TX_ALLS".
#11 WARNING(ORCAP-36006): Part Name "PHONE JACK-3_2_35MMJACK_RX_ALLSTAR" is renamed to "PHONE JACK-3_2_35MMJACK_RX_ALLS".
#12 WARNING(ORCAP-36006): Part Name "HEADER 6_BLKCON100VHTM1SQSW1006_HEADER 6" is renamed to "HEADER 6_BLKCON100VHTM1SQSW1006".
#13 WARNING(ORCAP-36006): Part Name "78L05/TO92_0_SOT223_1234_LM2940 / SOT223  LDO" is renamed to "78L05/TO92_0_SOT223_1234_LM2940".
#14 WARNING(ORCAP-36006): Part Name "LM2936/SO_13_LM2936_SOT_LM2936/SO_5" is renamed to "LM2936/SO_13_LM2936_SOT_LM2936/".
#15 WARNING(ORCAP-36042): Pin "GND" is renamed to "GND#2" as visible power pin of same name already exists in Package LM2936/SO_13 , U7: SCHEMATIC1, LinkingInterfaceV2 (3.90, 6.75).
#16 WARNING(ORCAP-36042): Pin "GND" is renamed to "GND#4" as visible power pin of same name already exists in Package LM2936/SO_13 , U7: SCHEMATIC1, LinkingInterfaceV2 (3.90, 6.75).
Scanning netlist files ...

Loading... G:\USERS\OWNER\DROPBOX\SENIORDESIGN\DESIGNS\LINKINGINTERFACE\LINKINGINTERFACE/pstchip.dat

Loading... G:\USERS\OWNER\DROPBOX\SENIORDESIGN\DESIGNS\LINKINGINTERFACE\LINKINGINTERFACE/pstchip.dat

Loading... G:\USERS\OWNER\DROPBOX\SENIORDESIGN\DESIGNS\LINKINGINTERFACE\LINKINGINTERFACE/pstxprt.dat

Loading... G:\USERS\OWNER\DROPBOX\SENIORDESIGN\DESIGNS\LINKINGINTERFACE\LINKINGINTERFACE/pstxnet.dat
packaging the design view...