{ Using PSTWRITER 16.5.0 p001Apr-16-2015 at 15:31:17 }

#1 WARNING(ORCAP-36006): Part Name "C POL_EIAB_SMCT3528_12_22UF/TANT" is renamed to "C POL_EIAB_SMCT3528_12_22UF/TAN".
#2 WARNING(ORCAP-36006): Part Name "DIODE SCHOTTKY_0_DAX600_60D_SB1245" is renamed to "DIODE SCHOTTKY_0_DAX600_60D_SB1".
#3 WARNING(ORCAP-36006): Part Name "PHONE JACK-3_2_35MMJACK_TX_ECHOLINK" is renamed to "PHONE JACK-3_2_35MMJACK_TX_ECHO".
#4 WARNING(ORCAP-36006): Part Name "PHONE JACK-3_2_35MMJACK_RX_ECHOLINK" is renamed to "PHONE JACK-3_2_35MMJACK_RX_ECHO".
#5 WARNING(ORCAP-36006): Part Name "PHONE JACK-3_2_35MMJACK_TX_ALLSTAR" is renamed to "PHONE JACK-3_2_35MMJACK_TX_ALLS".
#6 WARNING(ORCAP-36006): Part Name "PHONE JACK-3_2_35MMJACK_RX_ALLSTAR" is renamed to "PHONE JACK-3_2_35MMJACK_RX_ALLS".
#7 WARNING(ORCAP-36006): Part Name "3PINHEADER_0_BLKCON156VHTM1SQSW3123_3PINHEADER" is renamed to "3PINHEADER_0_BLKCON156VHTM1SQSW".
#8 WARNING(ORCAP-36006): Part Name "2PIN HEADER_BLKCON156_VHTM1SQ_SW156_2_2PIN HEADER" is renamed to "2PIN HEADER_BLKCON156_VHTM1SQ_S".
#9 WARNING(ORCAP-36006): Part Name "HEADER 2_4_BLKCON156_VHTM1SQ_SW156_2_0.156 VH" is renamed to "HEADER 2_4_BLKCON156_VHTM1SQ_SW".
#10 WARNING(ORCAP-36006): Part Name "CONNECTOR DB9_DB9_263_R001_CONNECTOR DB9" is renamed to "CONNECTOR DB9_DB9_263_R001_CONN".
#11 WARNING(ORCAP-36006): Part Name "LM2936/SO_3_LM2936_SOT_LM2936/SOT" is renamed to "LM2936/SO_3_LM2936_SOT_LM2936/S".
#12 WARNING(ORCAP-36042): Pin "GND" is renamed to "GND#2" as visible power pin of same name already exists in Package LM2936/SO_3 , U5: SCHEMATIC1, LinkingInterfaceV2 (3.90, 5.85).
#13 WARNING(ORCAP-36042): Pin "GND" is renamed to "GND#4" as visible power pin of same name already exists in Package LM2936/SO_3 , U5: SCHEMATIC1, LinkingInterfaceV2 (3.90, 5.85).
#14 WARNING(ORCAP-36006): Part Name "78L05/TO92_4_SOT223_1234_LM2940 / SOT223  LDO" is renamed to "78L05/TO92_4_SOT223_1234_LM2940".
Scanning netlist files ...

Loading... G:\USERS\OWNER\DROPBOX\DROPBOX\SENIORDESIGN\DESIGNS\LINKINGINTERFACE\LINKINGINTERFACE\LINKINGINTERFACE\LINKINGINTERFACE\PCB/pstchip.dat

Loading... G:\USERS\OWNER\DROPBOX\DROPBOX\SENIORDESIGN\DESIGNS\LINKINGINTERFACE\LINKINGINTERFACE\LINKINGINTERFACE\LINKINGINTERFACE\PCB/pstchip.dat

Loading... G:\USERS\OWNER\DROPBOX\DROPBOX\SENIORDESIGN\DESIGNS\LINKINGINTERFACE\LINKINGINTERFACE\LINKINGINTERFACE\LINKINGINTERFACE\PCB/pstxprt.dat

Loading... G:\USERS\OWNER\DROPBOX\DROPBOX\SENIORDESIGN\DESIGNS\LINKINGINTERFACE\LINKINGINTERFACE\LINKINGINTERFACE\LINKINGINTERFACE\PCB/pstxnet.dat
packaging the design view...