(---------------------------------------------------------------------)
(                                                                     )
(    Allegro Netrev Import Logic                                      )
(                                                                     )
(    Drawing          : LinkingInterface.brd                          )
(    Software Version : 16.5P002                                      )
(    Date/Time        : Mon Apr 06 16:48:36 2015                      )
(                                                                     )
(---------------------------------------------------------------------)


------ Directives ------

RIPUP_ETCH FALSE;
RIPUP_DELETE_FIRST_SEGMENT FALSE;
RIPUP_RETAIN_BONDWIRE FALSE;
RIPUP_SYMBOLS ALWAYS;
Missing symbol has error FALSE;
SCHEMATIC_DIRECTORY 'G:/Users/Owner/Dropbox/Dropbox/SeniorDesign/Designs/LinkingInterface New (1)/LinkingInterface New/linkinginterface/linkinginterface/pcb';
BOARD_DIRECTORY '';
OLD_BOARD_NAME 'LinkingInterface.brd';
NEW_BOARD_NAME 'LinkingInterface.brd';

CmdLine: netrev -$ -i G:/Users/Owner/Dropbox/Dropbox/SeniorDesign/Designs/LinkingInterface New (1)/LinkingInterface New/linkinginterface/linkinginterface/pcb -y 1 G:/Users/Owner/Dropbox/Dropbox/SeniorDesign/Designs/LinkingInterface New (1)/LinkingInterface New/linkinginterface/lib/symbols/#Taaaaaa52588.tmp

------ Preparing to read pst files ------

Starting to read G:/Users/Owner/Dropbox/Dropbox/SeniorDesign/Designs/LinkingInterface New (1)/LinkingInterface New/linkinginterface/linkinginterface/pcb/pstchip.dat 
   Finished reading G:/Users/Owner/Dropbox/Dropbox/SeniorDesign/Designs/LinkingInterface New (1)/LinkingInterface New/linkinginterface/linkinginterface/pcb/pstchip.dat (00:00:00.03)
Starting to read G:/Users/Owner/Dropbox/Dropbox/SeniorDesign/Designs/LinkingInterface New (1)/LinkingInterface New/linkinginterface/linkinginterface/pcb/pstxprt.dat 
   Finished reading G:/Users/Owner/Dropbox/Dropbox/SeniorDesign/Designs/LinkingInterface New (1)/LinkingInterface New/linkinginterface/linkinginterface/pcb/pstxprt.dat (00:00:00.00)
Starting to read G:/Users/Owner/Dropbox/Dropbox/SeniorDesign/Designs/LinkingInterface New (1)/LinkingInterface New/linkinginterface/linkinginterface/pcb/pstxnet.dat 
   Finished reading G:/Users/Owner/Dropbox/Dropbox/SeniorDesign/Designs/LinkingInterface New (1)/LinkingInterface New/linkinginterface/linkinginterface/pcb/pstxnet.dat (00:00:00.00)

------ Oversights/Warnings/Errors ------


#1   WARNING(SPMHNI-192): Device/Symbol check warning detected. [help]

ERROR(SPMHNI-196): Symbol 'LM_2936' for device 'LM2936/SO_1_LM_2936_LM2936/SOIC' has extra pin '4'.

ERROR(SPMHNI-196): Symbol 'LM_2936' for device 'LM2936/SO_1_LM_2936_LM2936/SOIC' has extra pin '5'.

------ Library Paths ------
MODULEPATH =  . 
           C:/Cadence/SPB_16.5/share/local/pcb/modules 
           G:\USERS\OWNER\DROPBOX\DROPBOX\SENIORDESIGN\DESIGNS\LINKINGINTERFACE NEW (1)\LINKINGINTERFACE NEW\LINKINGINTERFACE\lib\modules\ 

PSMPATH =  . 
           symbols 
           .. 
           ../symbols 
           C:/Cadence/SPB_16.5/share/local/pcb/symbols 
           C:/Cadence/SPB_16.5/share/pcb/pcb_lib/symbols 
           C:/Cadence/SPB_16.5/share/pcb/allegrolib/symbols 
           G:\USERS\OWNER\DROPBOX\DROPBOX\SENIORDESIGN\DESIGNS\LinkingInterface New (1)\LinkingInterface New\linkinginterface\lib\symbols\ 
           C:\Users\Owner\Desktop\EE174 FINAL PROJECT\Lib\symbols\ 

PADPATH =  . 
           symbols 
           .. 
           ../symbols 
           C:/Cadence/SPB_16.5/share/local/pcb/padstacks 
           C:/Cadence/SPB_16.5/share/pcb/pcb_lib/symbols 
           C:/Cadence/SPB_16.5/share/pcb/allegrolib/symbols 
           G:\Users\Owner\Dropbox\Dropbox\SeniorDesign\Designs\LinkingInterface New (1)\LinkingInterface New\linkinginterface\lib\padstacks\ 


------ Summary Statistics ------


netrev run on Apr 6 16:48:36 2015
   DESIGN NAME : 'AUDIOLINKINGINTERFACE'
   PACKAGING ON Apr 21 2011 10:02:30

   COMPILE 'logic'
   CHECK_PIN_NAMES OFF
   CROSS_REFERENCE OFF
   FEEDBACK OFF
   INCREMENTAL OFF
   INTERFACE_TYPE PHYSICAL
   MAX_ERRORS 500
   MERGE_MINIMUM 5
   NET_NAME_CHARS '#%&()*+-./:=>?@[]^_`|'
   NET_NAME_LENGTH 24
   OVERSIGHTS ON
   REPLACE_CHECK OFF
   SINGLE_NODE_NETS ON
   SPLIT_MINIMUM 0
   SUPPRESS   20
   WARNINGS ON

 No error detected
 No oversight detected
  1 warnings detected

cpu time      0:00:28
elapsed time  0:00:00

