(---------------------------------------------------------------------)
(                                                                     )
(    ARTWORK LOG                                                      )
(                                                                     )
(    Drawing          : LinkingInterfaceV2_7.brd                      )
(    Software Version : 16.5S031                                      )
(    Date/Time        : Sun Jun 07 17:51:25 2015                      )
(                                                                     )
(---------------------------------------------------------------------)


 ---- Photoplot outline rectangle not found ... using drawing extents



Results from parameter file ...
    DEVICE-TYPE           GERBER_RS274X
    OUTPUT-UNITS          INCHES
    FILM-SIZE             2400000 1600000
    FORMAT                2.5
    ABORT-ON-ERROR        NO
    SCALE                 1
    SUPPRESS-LEAD-ZEROES  YES
    SUPPRESS-TRAIL-ZEROES NO
    SUPPRESS-EQUAL        YES
    UNDEF-APT-CONT        NO


================================================================
     PROCESSING FILM < MECH >
     TO FILE < W:/Amateur Radio/Admin/Clubs/UCSC ARC/LinkingInterface_V2_7/LinkingInterface_V2_7_ProjectFiles/LinkingInterface_V2_7/linkinginterface/linkinginterface/pcb/artwork/LinkingInterface_v2_8_MECH.art > ...
================================================================

  FILM PARAMETERS :
  ---------------------------------------------------------
  Undefined line width                0.0
  Mirror code                         NONE
  Rotate angle                        NONE
  Offset x:                           0.0
  Offset y:                           0.0
  Plot negative                       NO
  Suppress unconnected internal pads  NO

    WARNING: rectangle or unfilled shape composed 0 width line found at (0.0 0.0)
           ... ignored!

    WARNING: rectangle or unfilled shape having Multiple 0 width lines; all will be treated the same as the first.
           ... ignored!

    WARNING: 0 width line found at (3638.0 105.0)
           ... ignored!

    WARNING: Multiple 0 width lines; all will be treated the same as the first.
           ... ignored!



  APERTURES USED:
  ---------------------------------------------------------
  TYPE       SIZE/NAME                   ROT   MIRROR MODE 
  ---------------------------------------------------------
  CIRCLE     0.00500                                  DARK 
  CIRCLE     0.02500                                  DARK 
  CIRCLE     0.05000                                  DARK 

     LinkingInterface_v2_8_MECH created with warnings


------------------------------------------------------
 SUMMARY:
        LinkingInterface_v2_8_MECH created with warnings

 ARTWORK finished
